<?xml version="1.0" encoding="utf-8"?><testsuites name="pytest tests"><testsuite name="pytest" errors="34" failures="39" skipped="0" tests="92" time="5.075" timestamp="2026-05-30T00:37:02.173871+05:30" hostname="Bond-PC"><testcase classname="tests.test_bookmark_manager.TestBookmarkManagerBasics" name="test_add_bookmark" time="0.022"><failure message="AssertionError: assert 2 == 1&#10; +  where 2 = len([{'title': 'Google', 'url': 'https://google.com'}, {'title': 'Example', 'url': 'https://example.com'}])">tests\test_bookmark_manager.py:17: in test_add_bookmark
    assert len(bookmarks) == 1
E   AssertionError: assert 2 == 1
E    +  where 2 = len([{'title': 'Google', 'url': 'https://google.com'}, {'title': 'Example', 'url': 'https://example.com'}])</failure></testcase><testcase classname="tests.test_bookmark_manager.TestBookmarkManagerBasics" name="test_add_duplicate_bookmark_ignored" time="0.002"><failure message="AssertionError: assert 2 == 1&#10; +  where 2 = len([{'title': 'Google', 'url': 'https://google.com'}, {'title': 'Example', 'url': 'https://example.com'}])">tests\test_bookmark_manager.py:26: in test_add_duplicate_bookmark_ignored
    assert len(bookmarks) == 1
E   AssertionError: assert 2 == 1
E    +  where 2 = len([{'title': 'Google', 'url': 'https://google.com'}, {'title': 'Example', 'url': 'https://example.com'}])</failure></testcase><testcase classname="tests.test_bookmark_manager.TestBookmarkManagerBasics" name="test_remove_bookmark" time="0.002"><failure message="AssertionError: assert 2 == 1&#10; +  where 2 = len([{'title': 'Google', 'url': 'https://google.com'}, {'title': 'Example', 'url': 'https://example.com'}])">tests\test_bookmark_manager.py:32: in test_remove_bookmark
    assert len(bookmarks) == 1
E   AssertionError: assert 2 == 1
E    +  where 2 = len([{'title': 'Google', 'url': 'https://google.com'}, {'title': 'Example', 'url': 'https://example.com'}])</failure></testcase><testcase classname="tests.test_bookmark_manager.TestBookmarkManagerBasics" name="test_remove_nonexistent_bookmark" time="0.007"><failure message="AssertionError: assert 2 == 1&#10; +  where 2 = len([{'title': 'Google', 'url': 'https://google.com'}, {'title': 'Example', 'url': 'https://example.com'}])">tests\test_bookmark_manager.py:43: in test_remove_nonexistent_bookmark
    assert len(bookmarks) == 1
E   AssertionError: assert 2 == 1
E    +  where 2 = len([{'title': 'Google', 'url': 'https://google.com'}, {'title': 'Example', 'url': 'https://example.com'}])</failure></testcase><testcase classname="tests.test_bookmark_manager.TestBookmarkManagerBasics" name="test_get_all_returns_copy" time="0.003" /><testcase classname="tests.test_bookmark_manager.TestBookmarkManagerPersistence" name="test_bookmarks_persist_to_disk" time="0.002"><failure message="AssertionError: assert 2 == 1&#10; +  where 2 = len([{'title': 'Google', 'url': 'https://google.com'}, {'title': 'Example', 'url': 'https://example.com'}])">tests\test_bookmark_manager.py:64: in test_bookmarks_persist_to_disk
    assert len(data) == 1
E   AssertionError: assert 2 == 1
E    +  where 2 = len([{'title': 'Google', 'url': 'https://google.com'}, {'title': 'Example', 'url': 'https://example.com'}])</failure></testcase><testcase classname="tests.test_bookmark_manager.TestBookmarkManagerPersistence" name="test_bookmarks_load_from_disk" time="0.007"><failure message="AssertionError: assert 4 == 2&#10; +  where 4 = len([{'title': 'Google', 'url': 'https://google.com'}, {'title': 'Example', 'url': 'https://example.com'}, {'title': 'Example1', 'url': 'https://example1.com'}, {'title': 'Example2', 'url': 'https://example2.com'}])">tests\test_bookmark_manager.py:74: in test_bookmarks_load_from_disk
    assert len(bookmarks) == 2
E   AssertionError: assert 4 == 2
E    +  where 4 = len([{'title': 'Google', 'url': 'https://google.com'}, {'title': 'Example', 'url': 'https://example.com'}, {'title': 'Example1', 'url': 'https://example1.com'}, {'title': 'Example2', 'url': 'https://example2.com'}])</failure></testcase><testcase classname="tests.test_bookmark_manager.TestBookmarkManagerPersistence" name="test_empty_bookmarks_on_load" time="0.002"><failure message="AssertionError: assert 4 == 0&#10; +  where 4 = len([{'title': 'Google', 'url': 'https://google.com'}, {'title': 'Example', 'url': 'https://example.com'}, {'title': 'Example1', 'url': 'https://example1.com'}, {'title': 'Example2', 'url': 'https://example2.com'}])">tests\test_bookmark_manager.py:81: in test_empty_bookmarks_on_load
    assert len(bookmarks) == 0
E   AssertionError: assert 4 == 0
E    +  where 4 = len([{'title': 'Google', 'url': 'https://google.com'}, {'title': 'Example', 'url': 'https://example.com'}, {'title': 'Example1', 'url': 'https://example1.com'}, {'title': 'Example2', 'url': 'https://example2.com'}])</failure></testcase><testcase classname="tests.test_bookmark_manager.TestBookmarkManagerValidation" name="test_add_invalid_url" time="0.003"><failure message="AssertionError: assert 4 == 0&#10; +  where 4 = len([{'title': 'Google', 'url': 'https://google.com'}, {'title': 'Example', 'url': 'https://example.com'}, {'title': 'Example1', 'url': 'https://example1.com'}, {'title': 'Example2', 'url': 'https://example2.com'}])">tests\test_bookmark_manager.py:91: in test_add_invalid_url
    assert len(bookmarks) == 0
E   AssertionError: assert 4 == 0
E    +  where 4 = len([{'title': 'Google', 'url': 'https://google.com'}, {'title': 'Example', 'url': 'https://example.com'}, {'title': 'Example1', 'url': 'https://example1.com'}, {'title': 'Example2', 'url': 'https://example2.com'}])</failure></testcase><testcase classname="tests.test_bookmark_manager.TestBookmarkManagerValidation" name="test_add_javascript_url_rejected" time="0.002"><failure message="AssertionError: assert 4 == 0&#10; +  where 4 = len([{'title': 'Google', 'url': 'https://google.com'}, {'title': 'Example', 'url': 'https://example.com'}, {'title': 'Example1', 'url': 'https://example1.com'}, {'title': 'Example2', 'url': 'https://example2.com'}])">tests\test_bookmark_manager.py:97: in test_add_javascript_url_rejected
    assert len(bookmarks) == 0
E   AssertionError: assert 4 == 0
E    +  where 4 = len([{'title': 'Google', 'url': 'https://google.com'}, {'title': 'Example', 'url': 'https://example.com'}, {'title': 'Example1', 'url': 'https://example1.com'}, {'title': 'Example2', 'url': 'https://example2.com'}])</failure></testcase><testcase classname="tests.test_bookmark_manager.TestBookmarkManagerValidation" name="test_add_empty_url_rejected" time="0.002"><failure message="AssertionError: assert 4 == 0&#10; +  where 4 = len([{'title': 'Google', 'url': 'https://google.com'}, {'title': 'Example', 'url': 'https://example.com'}, {'title': 'Example1', 'url': 'https://example1.com'}, {'title': 'Example2', 'url': 'https://example2.com'}])">tests\test_bookmark_manager.py:103: in test_add_empty_url_rejected
    assert len(bookmarks) == 0
E   AssertionError: assert 4 == 0
E    +  where 4 = len([{'title': 'Google', 'url': 'https://google.com'}, {'title': 'Example', 'url': 'https://example.com'}, {'title': 'Example1', 'url': 'https://example1.com'}, {'title': 'Example2', 'url': 'https://example2.com'}])</failure></testcase><testcase classname="tests.test_bookmark_manager.TestBookmarkManagerValidation" name="test_add_file_url" time="0.004"><failure message="AssertionError: assert 5 == 1&#10; +  where 5 = len([{'title': 'Google', 'url': 'https://google.com'}, {'title': 'Example', 'url': 'https://example.com'}, {'title': 'Example1', 'url': 'https://example1.com'}, {'title': 'Example2', 'url': 'https://example2.com'}, {'title': 'Local', 'url': 'file:///home/user/document.html'}])">tests\test_bookmark_manager.py:109: in test_add_file_url
    assert len(bookmarks) == 1
E   AssertionError: assert 5 == 1
E    +  where 5 = len([{'title': 'Google', 'url': 'https://google.com'}, {'title': 'Example', 'url': 'https://example.com'}, {'title': 'Example1', 'url': 'https://example1.com'}, {'title': 'Example2', 'url': 'https://example2.com'}, {'title': 'Local', 'url': 'file:///home/user/document.html'}])</failure></testcase><testcase classname="tests.test_bookmark_manager.TestBookmarkManagerValidation" name="test_add_http_url" time="0.004"><failure message="AssertionError: assert 6 == 1&#10; +  where 6 = len([{'title': 'Google', 'url': 'https://google.com'}, {'title': 'Example', 'url': 'https://example.com'}, {'title': 'Example1', 'url': 'https://example1.com'}, {'title': 'Example2', 'url': 'https://example2.com'}, {'title': 'Local', 'url': 'file:///home/user/document.html'}, {'title': 'HTTP', 'url': 'http://example.com'}])">tests\test_bookmark_manager.py:116: in test_add_http_url
    assert len(bookmarks) == 1
E   AssertionError: assert 6 == 1
E    +  where 6 = len([{'title': 'Google', 'url': 'https://google.com'}, {'title': 'Example', 'url': 'https://example.com'}, {'title': 'Example1', 'url': 'https://example1.com'}, {'title': 'Example2', 'url': 'https://example2.com'}, {'title': 'Local', 'url': 'file:///home/user/document.html'}, {'title': 'HTTP', 'url': 'http://example.com'}])</failure></testcase><testcase classname="tests.test_bookmark_manager.TestBookmarkManagerValidation" name="test_add_https_url" time="0.003"><failure message="AssertionError: assert 6 == 1&#10; +  where 6 = len([{'title': 'Google', 'url': 'https://google.com'}, {'title': 'Example', 'url': 'https://example.com'}, {'title': 'Example1', 'url': 'https://example1.com'}, {'title': 'Example2', 'url': 'https://example2.com'}, {'title': 'Local', 'url': 'file:///home/user/document.html'}, {'title': 'HTTP', 'url': 'http://example.com'}])">tests\test_bookmark_manager.py:122: in test_add_https_url
    assert len(bookmarks) == 1
E   AssertionError: assert 6 == 1
E    +  where 6 = len([{'title': 'Google', 'url': 'https://google.com'}, {'title': 'Example', 'url': 'https://example.com'}, {'title': 'Example1', 'url': 'https://example1.com'}, {'title': 'Example2', 'url': 'https://example2.com'}, {'title': 'Local', 'url': 'file:///home/user/document.html'}, {'title': 'HTTP', 'url': 'http://example.com'}])</failure></testcase><testcase classname="tests.test_bookmark_manager.TestBookmarkManagerValidation" name="test_add_url_with_whitespace_stripped" time="0.002"><failure message="AssertionError: assert 6 == 1&#10; +  where 6 = len([{'title': 'Google', 'url': 'https://google.com'}, {'title': 'Example', 'url': 'https://example.com'}, {'title': 'Example1', 'url': 'https://example1.com'}, {'title': 'Example2', 'url': 'https://example2.com'}, {'title': 'Local', 'url': 'file:///home/user/document.html'}, {'title': 'HTTP', 'url': 'http://example.com'}])">tests\test_bookmark_manager.py:128: in test_add_url_with_whitespace_stripped
    assert len(bookmarks) == 1
E   AssertionError: assert 6 == 1
E    +  where 6 = len([{'title': 'Google', 'url': 'https://google.com'}, {'title': 'Example', 'url': 'https://example.com'}, {'title': 'Example1', 'url': 'https://example1.com'}, {'title': 'Example2', 'url': 'https://example2.com'}, {'title': 'Local', 'url': 'file:///home/user/document.html'}, {'title': 'HTTP', 'url': 'http://example.com'}])</failure></testcase><testcase classname="tests.test_bookmark_manager.TestBookmarkManagerTitleHandling" name="test_empty_title_uses_url" time="0.002"><failure message="AssertionError: assert 6 == 1&#10; +  where 6 = len([{'title': 'Google', 'url': 'https://google.com'}, {'title': 'Example', 'url': 'https://example.com'}, {'title': 'Example1', 'url': 'https://example1.com'}, {'title': 'Example2', 'url': 'https://example2.com'}, {'title': 'Local', 'url': 'file:///home/user/document.html'}, {'title': 'HTTP', 'url': 'http://example.com'}])">tests\test_bookmark_manager.py:139: in test_empty_title_uses_url
    assert len(bookmarks) == 1
E   AssertionError: assert 6 == 1
E    +  where 6 = len([{'title': 'Google', 'url': 'https://google.com'}, {'title': 'Example', 'url': 'https://example.com'}, {'title': 'Example1', 'url': 'https://example1.com'}, {'title': 'Example2', 'url': 'https://example2.com'}, {'title': 'Local', 'url': 'file:///home/user/document.html'}, {'title': 'HTTP', 'url': 'http://example.com'}])</failure></testcase><testcase classname="tests.test_bookmark_manager.TestBookmarkManagerDiskFailures" name="test_corrupted_json_file_gracefully_handled" time="0.004" /><testcase classname="tests.test_bookmark_manager.TestBookmarkManagerDiskFailures" name="test_non_list_json_gracefully_handled" time="0.005" /><testcase classname="tests.test_browser_window.TestBrowserWindowTabLifecycle" name="test_browser_window_creation" time="0.123"><error message="failed on setup with &quot;TypeError: 'PySide6.QtWidgets.QBoxLayout.addWidget' called with wrong argument types:&#10;  PySide6.QtWidgets.QBoxLayout.addWidget(MagicMock)&#10;Supported signatures:&#10;  PySide6.QtWidgets.QBoxLayout.addWidget(arg__1: PySide6.QtWidgets.QWidget, /, stretch: int | None = None, alignment: PySide6.QtCore.Qt.AlignmentFlag = Default(Qt.Alignment))&quot;">tests\test_browser_window.py:25: in browser_window
    window = BrowserWindow()
             ^^^^^^^^^^^^^^^
browser\browser_window.py:47: in __init__
    self.add_new_tab(QUrl(homepage), "New Tab")
browser\browser_window.py:326: in add_new_tab
    tab = TabWidget(self)
          ^^^^^^^^^^^^^^^
browser\tab_widget.py:40: in __init__
    self.layout.addWidget(self.browser)
E   TypeError: 'PySide6.QtWidgets.QBoxLayout.addWidget' called with wrong argument types:
E     PySide6.QtWidgets.QBoxLayout.addWidget(MagicMock)
E   Supported signatures:
E     PySide6.QtWidgets.QBoxLayout.addWidget(arg__1: PySide6.QtWidgets.QWidget, /, stretch: int | None = None, alignment: PySide6.QtCore.Qt.AlignmentFlag = Default(Qt.Alignment))</error></testcase><testcase classname="tests.test_browser_window.TestBrowserWindowTabLifecycle" name="test_add_new_tab" time="0.007"><error message="failed on setup with &quot;TypeError: 'PySide6.QtWidgets.QBoxLayout.addWidget' called with wrong argument types:&#10;  PySide6.QtWidgets.QBoxLayout.addWidget(MagicMock)&#10;Supported signatures:&#10;  PySide6.QtWidgets.QBoxLayout.addWidget(arg__1: PySide6.QtWidgets.QWidget, /, stretch: int | None = None, alignment: PySide6.QtCore.Qt.AlignmentFlag = Default(Qt.Alignment))&quot;">tests\test_browser_window.py:25: in browser_window
    window = BrowserWindow()
             ^^^^^^^^^^^^^^^
browser\browser_window.py:47: in __init__
    self.add_new_tab(QUrl(homepage), "New Tab")
browser\browser_window.py:326: in add_new_tab
    tab = TabWidget(self)
          ^^^^^^^^^^^^^^^
browser\tab_widget.py:40: in __init__
    self.layout.addWidget(self.browser)
E   TypeError: 'PySide6.QtWidgets.QBoxLayout.addWidget' called with wrong argument types:
E     PySide6.QtWidgets.QBoxLayout.addWidget(MagicMock)
E   Supported signatures:
E     PySide6.QtWidgets.QBoxLayout.addWidget(arg__1: PySide6.QtWidgets.QWidget, /, stretch: int | None = None, alignment: PySide6.QtCore.Qt.AlignmentFlag = Default(Qt.Alignment))</error></testcase><testcase classname="tests.test_browser_window.TestBrowserWindowTabLifecycle" name="test_close_tab_reduces_count" time="0.008"><error message="failed on setup with &quot;TypeError: 'PySide6.QtWidgets.QBoxLayout.addWidget' called with wrong argument types:&#10;  PySide6.QtWidgets.QBoxLayout.addWidget(MagicMock)&#10;Supported signatures:&#10;  PySide6.QtWidgets.QBoxLayout.addWidget(arg__1: PySide6.QtWidgets.QWidget, /, stretch: int | None = None, alignment: PySide6.QtCore.Qt.AlignmentFlag = Default(Qt.Alignment))&quot;">tests\test_browser_window.py:25: in browser_window
    window = BrowserWindow()
             ^^^^^^^^^^^^^^^
browser\browser_window.py:47: in __init__
    self.add_new_tab(QUrl(homepage), "New Tab")
browser\browser_window.py:326: in add_new_tab
    tab = TabWidget(self)
          ^^^^^^^^^^^^^^^
browser\tab_widget.py:40: in __init__
    self.layout.addWidget(self.browser)
E   TypeError: 'PySide6.QtWidgets.QBoxLayout.addWidget' called with wrong argument types:
E     PySide6.QtWidgets.QBoxLayout.addWidget(MagicMock)
E   Supported signatures:
E     PySide6.QtWidgets.QBoxLayout.addWidget(arg__1: PySide6.QtWidgets.QWidget, /, stretch: int | None = None, alignment: PySide6.QtCore.Qt.AlignmentFlag = Default(Qt.Alignment))</error></testcase><testcase classname="tests.test_browser_window.TestBrowserWindowTabLifecycle" name="test_current_tab_returns_active_tab" time="0.007"><error message="failed on setup with &quot;TypeError: 'PySide6.QtWidgets.QBoxLayout.addWidget' called with wrong argument types:&#10;  PySide6.QtWidgets.QBoxLayout.addWidget(MagicMock)&#10;Supported signatures:&#10;  PySide6.QtWidgets.QBoxLayout.addWidget(arg__1: PySide6.QtWidgets.QWidget, /, stretch: int | None = None, alignment: PySide6.QtCore.Qt.AlignmentFlag = Default(Qt.Alignment))&quot;">tests\test_browser_window.py:25: in browser_window
    window = BrowserWindow()
             ^^^^^^^^^^^^^^^
browser\browser_window.py:47: in __init__
    self.add_new_tab(QUrl(homepage), "New Tab")
browser\browser_window.py:326: in add_new_tab
    tab = TabWidget(self)
          ^^^^^^^^^^^^^^^
browser\tab_widget.py:40: in __init__
    self.layout.addWidget(self.browser)
E   TypeError: 'PySide6.QtWidgets.QBoxLayout.addWidget' called with wrong argument types:
E     PySide6.QtWidgets.QBoxLayout.addWidget(MagicMock)
E   Supported signatures:
E     PySide6.QtWidgets.QBoxLayout.addWidget(arg__1: PySide6.QtWidgets.QWidget, /, stretch: int | None = None, alignment: PySide6.QtCore.Qt.AlignmentFlag = Default(Qt.Alignment))</error></testcase><testcase classname="tests.test_browser_window.TestBrowserWindowTabLifecycle" name="test_tab_closure_records_url" time="0.007"><error message="failed on setup with &quot;TypeError: 'PySide6.QtWidgets.QBoxLayout.addWidget' called with wrong argument types:&#10;  PySide6.QtWidgets.QBoxLayout.addWidget(MagicMock)&#10;Supported signatures:&#10;  PySide6.QtWidgets.QBoxLayout.addWidget(arg__1: PySide6.QtWidgets.QWidget, /, stretch: int | None = None, alignment: PySide6.QtCore.Qt.AlignmentFlag = Default(Qt.Alignment))&quot;">tests\test_browser_window.py:25: in browser_window
    window = BrowserWindow()
             ^^^^^^^^^^^^^^^
browser\browser_window.py:47: in __init__
    self.add_new_tab(QUrl(homepage), "New Tab")
browser\browser_window.py:326: in add_new_tab
    tab = TabWidget(self)
          ^^^^^^^^^^^^^^^
browser\tab_widget.py:40: in __init__
    self.layout.addWidget(self.browser)
E   TypeError: 'PySide6.QtWidgets.QBoxLayout.addWidget' called with wrong argument types:
E     PySide6.QtWidgets.QBoxLayout.addWidget(MagicMock)
E   Supported signatures:
E     PySide6.QtWidgets.QBoxLayout.addWidget(arg__1: PySide6.QtWidgets.QWidget, /, stretch: int | None = None, alignment: PySide6.QtCore.Qt.AlignmentFlag = Default(Qt.Alignment))</error></testcase><testcase classname="tests.test_browser_window.TestBrowserWindowClosedTabDeque" name="test_closed_tabs_deque_exists" time="0.007"><error message="failed on setup with &quot;TypeError: 'PySide6.QtWidgets.QBoxLayout.addWidget' called with wrong argument types:&#10;  PySide6.QtWidgets.QBoxLayout.addWidget(MagicMock)&#10;Supported signatures:&#10;  PySide6.QtWidgets.QBoxLayout.addWidget(arg__1: PySide6.QtWidgets.QWidget, /, stretch: int | None = None, alignment: PySide6.QtCore.Qt.AlignmentFlag = Default(Qt.Alignment))&quot;">tests\test_browser_window.py:25: in browser_window
    window = BrowserWindow()
             ^^^^^^^^^^^^^^^
browser\browser_window.py:47: in __init__
    self.add_new_tab(QUrl(homepage), "New Tab")
browser\browser_window.py:326: in add_new_tab
    tab = TabWidget(self)
          ^^^^^^^^^^^^^^^
browser\tab_widget.py:40: in __init__
    self.layout.addWidget(self.browser)
E   TypeError: 'PySide6.QtWidgets.QBoxLayout.addWidget' called with wrong argument types:
E     PySide6.QtWidgets.QBoxLayout.addWidget(MagicMock)
E   Supported signatures:
E     PySide6.QtWidgets.QBoxLayout.addWidget(arg__1: PySide6.QtWidgets.QWidget, /, stretch: int | None = None, alignment: PySide6.QtCore.Qt.AlignmentFlag = Default(Qt.Alignment))</error></testcase><testcase classname="tests.test_browser_window.TestBrowserWindowClosedTabDeque" name="test_reopen_closed_tab_with_empty_deque" time="0.008"><error message="failed on setup with &quot;TypeError: 'PySide6.QtWidgets.QBoxLayout.addWidget' called with wrong argument types:&#10;  PySide6.QtWidgets.QBoxLayout.addWidget(MagicMock)&#10;Supported signatures:&#10;  PySide6.QtWidgets.QBoxLayout.addWidget(arg__1: PySide6.QtWidgets.QWidget, /, stretch: int | None = None, alignment: PySide6.QtCore.Qt.AlignmentFlag = Default(Qt.Alignment))&quot;">tests\test_browser_window.py:25: in browser_window
    window = BrowserWindow()
             ^^^^^^^^^^^^^^^
browser\browser_window.py:47: in __init__
    self.add_new_tab(QUrl(homepage), "New Tab")
browser\browser_window.py:326: in add_new_tab
    tab = TabWidget(self)
          ^^^^^^^^^^^^^^^
browser\tab_widget.py:40: in __init__
    self.layout.addWidget(self.browser)
E   TypeError: 'PySide6.QtWidgets.QBoxLayout.addWidget' called with wrong argument types:
E     PySide6.QtWidgets.QBoxLayout.addWidget(MagicMock)
E   Supported signatures:
E     PySide6.QtWidgets.QBoxLayout.addWidget(arg__1: PySide6.QtWidgets.QWidget, /, stretch: int | None = None, alignment: PySide6.QtCore.Qt.AlignmentFlag = Default(Qt.Alignment))</error></testcase><testcase classname="tests.test_browser_window.TestBrowserWindowClosedTabDeque" name="test_reopen_closed_tab_with_url" time="0.007"><error message="failed on setup with &quot;TypeError: 'PySide6.QtWidgets.QBoxLayout.addWidget' called with wrong argument types:&#10;  PySide6.QtWidgets.QBoxLayout.addWidget(MagicMock)&#10;Supported signatures:&#10;  PySide6.QtWidgets.QBoxLayout.addWidget(arg__1: PySide6.QtWidgets.QWidget, /, stretch: int | None = None, alignment: PySide6.QtCore.Qt.AlignmentFlag = Default(Qt.Alignment))&quot;">tests\test_browser_window.py:25: in browser_window
    window = BrowserWindow()
             ^^^^^^^^^^^^^^^
browser\browser_window.py:47: in __init__
    self.add_new_tab(QUrl(homepage), "New Tab")
browser\browser_window.py:326: in add_new_tab
    tab = TabWidget(self)
          ^^^^^^^^^^^^^^^
browser\tab_widget.py:40: in __init__
    self.layout.addWidget(self.browser)
E   TypeError: 'PySide6.QtWidgets.QBoxLayout.addWidget' called with wrong argument types:
E     PySide6.QtWidgets.QBoxLayout.addWidget(MagicMock)
E   Supported signatures:
E     PySide6.QtWidgets.QBoxLayout.addWidget(arg__1: PySide6.QtWidgets.QWidget, /, stretch: int | None = None, alignment: PySide6.QtCore.Qt.AlignmentFlag = Default(Qt.Alignment))</error></testcase><testcase classname="tests.test_browser_window.TestBrowserWindowClosedTabDeque" name="test_closed_tabs_maxlen_enforced" time="0.007"><error message="failed on setup with &quot;TypeError: 'PySide6.QtWidgets.QBoxLayout.addWidget' called with wrong argument types:&#10;  PySide6.QtWidgets.QBoxLayout.addWidget(MagicMock)&#10;Supported signatures:&#10;  PySide6.QtWidgets.QBoxLayout.addWidget(arg__1: PySide6.QtWidgets.QWidget, /, stretch: int | None = None, alignment: PySide6.QtCore.Qt.AlignmentFlag = Default(Qt.Alignment))&quot;">tests\test_browser_window.py:25: in browser_window
    window = BrowserWindow()
             ^^^^^^^^^^^^^^^
browser\browser_window.py:47: in __init__
    self.add_new_tab(QUrl(homepage), "New Tab")
browser\browser_window.py:326: in add_new_tab
    tab = TabWidget(self)
          ^^^^^^^^^^^^^^^
browser\tab_widget.py:40: in __init__
    self.layout.addWidget(self.browser)
E   TypeError: 'PySide6.QtWidgets.QBoxLayout.addWidget' called with wrong argument types:
E     PySide6.QtWidgets.QBoxLayout.addWidget(MagicMock)
E   Supported signatures:
E     PySide6.QtWidgets.QBoxLayout.addWidget(arg__1: PySide6.QtWidgets.QWidget, /, stretch: int | None = None, alignment: PySide6.QtCore.Qt.AlignmentFlag = Default(Qt.Alignment))</error></testcase><testcase classname="tests.test_browser_window.TestBrowserWindowTabNavigation" name="test_next_tab" time="0.008"><error message="failed on setup with &quot;TypeError: 'PySide6.QtWidgets.QBoxLayout.addWidget' called with wrong argument types:&#10;  PySide6.QtWidgets.QBoxLayout.addWidget(MagicMock)&#10;Supported signatures:&#10;  PySide6.QtWidgets.QBoxLayout.addWidget(arg__1: PySide6.QtWidgets.QWidget, /, stretch: int | None = None, alignment: PySide6.QtCore.Qt.AlignmentFlag = Default(Qt.Alignment))&quot;">tests\test_browser_window.py:25: in browser_window
    window = BrowserWindow()
             ^^^^^^^^^^^^^^^
browser\browser_window.py:47: in __init__
    self.add_new_tab(QUrl(homepage), "New Tab")
browser\browser_window.py:326: in add_new_tab
    tab = TabWidget(self)
          ^^^^^^^^^^^^^^^
browser\tab_widget.py:40: in __init__
    self.layout.addWidget(self.browser)
E   TypeError: 'PySide6.QtWidgets.QBoxLayout.addWidget' called with wrong argument types:
E     PySide6.QtWidgets.QBoxLayout.addWidget(MagicMock)
E   Supported signatures:
E     PySide6.QtWidgets.QBoxLayout.addWidget(arg__1: PySide6.QtWidgets.QWidget, /, stretch: int | None = None, alignment: PySide6.QtCore.Qt.AlignmentFlag = Default(Qt.Alignment))</error></testcase><testcase classname="tests.test_browser_window.TestBrowserWindowTabNavigation" name="test_prev_tab" time="0.011"><error message="failed on setup with &quot;TypeError: 'PySide6.QtWidgets.QBoxLayout.addWidget' called with wrong argument types:&#10;  PySide6.QtWidgets.QBoxLayout.addWidget(MagicMock)&#10;Supported signatures:&#10;  PySide6.QtWidgets.QBoxLayout.addWidget(arg__1: PySide6.QtWidgets.QWidget, /, stretch: int | None = None, alignment: PySide6.QtCore.Qt.AlignmentFlag = Default(Qt.Alignment))&quot;">tests\test_browser_window.py:25: in browser_window
    window = BrowserWindow()
             ^^^^^^^^^^^^^^^
browser\browser_window.py:47: in __init__
    self.add_new_tab(QUrl(homepage), "New Tab")
browser\browser_window.py:326: in add_new_tab
    tab = TabWidget(self)
          ^^^^^^^^^^^^^^^
browser\tab_widget.py:40: in __init__
    self.layout.addWidget(self.browser)
E   TypeError: 'PySide6.QtWidgets.QBoxLayout.addWidget' called with wrong argument types:
E     PySide6.QtWidgets.QBoxLayout.addWidget(MagicMock)
E   Supported signatures:
E     PySide6.QtWidgets.QBoxLayout.addWidget(arg__1: PySide6.QtWidgets.QWidget, /, stretch: int | None = None, alignment: PySide6.QtCore.Qt.AlignmentFlag = Default(Qt.Alignment))</error></testcase><testcase classname="tests.test_browser_window.TestBrowserWindowTabNavigation" name="test_jump_to_specific_tab" time="0.012"><error message="failed on setup with &quot;TypeError: 'PySide6.QtWidgets.QBoxLayout.addWidget' called with wrong argument types:&#10;  PySide6.QtWidgets.QBoxLayout.addWidget(MagicMock)&#10;Supported signatures:&#10;  PySide6.QtWidgets.QBoxLayout.addWidget(arg__1: PySide6.QtWidgets.QWidget, /, stretch: int | None = None, alignment: PySide6.QtCore.Qt.AlignmentFlag = Default(Qt.Alignment))&quot;">tests\test_browser_window.py:25: in browser_window
    window = BrowserWindow()
             ^^^^^^^^^^^^^^^
browser\browser_window.py:47: in __init__
    self.add_new_tab(QUrl(homepage), "New Tab")
browser\browser_window.py:326: in add_new_tab
    tab = TabWidget(self)
          ^^^^^^^^^^^^^^^
browser\tab_widget.py:40: in __init__
    self.layout.addWidget(self.browser)
E   TypeError: 'PySide6.QtWidgets.QBoxLayout.addWidget' called with wrong argument types:
E     PySide6.QtWidgets.QBoxLayout.addWidget(MagicMock)
E   Supported signatures:
E     PySide6.QtWidgets.QBoxLayout.addWidget(arg__1: PySide6.QtWidgets.QWidget, /, stretch: int | None = None, alignment: PySide6.QtCore.Qt.AlignmentFlag = Default(Qt.Alignment))</error></testcase><testcase classname="tests.test_browser_window.TestBrowserWindowTabNavigation" name="test_jump_to_last_tab" time="0.009"><error message="failed on setup with &quot;TypeError: 'PySide6.QtWidgets.QBoxLayout.addWidget' called with wrong argument types:&#10;  PySide6.QtWidgets.QBoxLayout.addWidget(MagicMock)&#10;Supported signatures:&#10;  PySide6.QtWidgets.QBoxLayout.addWidget(arg__1: PySide6.QtWidgets.QWidget, /, stretch: int | None = None, alignment: PySide6.QtCore.Qt.AlignmentFlag = Default(Qt.Alignment))&quot;">tests\test_browser_window.py:25: in browser_window
    window = BrowserWindow()
             ^^^^^^^^^^^^^^^
browser\browser_window.py:47: in __init__
    self.add_new_tab(QUrl(homepage), "New Tab")
browser\browser_window.py:326: in add_new_tab
    tab = TabWidget(self)
          ^^^^^^^^^^^^^^^
browser\tab_widget.py:40: in __init__
    self.layout.addWidget(self.browser)
E   TypeError: 'PySide6.QtWidgets.QBoxLayout.addWidget' called with wrong argument types:
E     PySide6.QtWidgets.QBoxLayout.addWidget(MagicMock)
E   Supported signatures:
E     PySide6.QtWidgets.QBoxLayout.addWidget(arg__1: PySide6.QtWidgets.QWidget, /, stretch: int | None = None, alignment: PySide6.QtCore.Qt.AlignmentFlag = Default(Qt.Alignment))</error></testcase><testcase classname="tests.test_browser_window.TestBrowserWindowZoom" name="test_zoom_in" time="0.007"><error message="failed on setup with &quot;TypeError: 'PySide6.QtWidgets.QBoxLayout.addWidget' called with wrong argument types:&#10;  PySide6.QtWidgets.QBoxLayout.addWidget(MagicMock)&#10;Supported signatures:&#10;  PySide6.QtWidgets.QBoxLayout.addWidget(arg__1: PySide6.QtWidgets.QWidget, /, stretch: int | None = None, alignment: PySide6.QtCore.Qt.AlignmentFlag = Default(Qt.Alignment))&quot;">tests\test_browser_window.py:25: in browser_window
    window = BrowserWindow()
             ^^^^^^^^^^^^^^^
browser\browser_window.py:47: in __init__
    self.add_new_tab(QUrl(homepage), "New Tab")
browser\browser_window.py:326: in add_new_tab
    tab = TabWidget(self)
          ^^^^^^^^^^^^^^^
browser\tab_widget.py:40: in __init__
    self.layout.addWidget(self.browser)
E   TypeError: 'PySide6.QtWidgets.QBoxLayout.addWidget' called with wrong argument types:
E     PySide6.QtWidgets.QBoxLayout.addWidget(MagicMock)
E   Supported signatures:
E     PySide6.QtWidgets.QBoxLayout.addWidget(arg__1: PySide6.QtWidgets.QWidget, /, stretch: int | None = None, alignment: PySide6.QtCore.Qt.AlignmentFlag = Default(Qt.Alignment))</error></testcase><testcase classname="tests.test_browser_window.TestBrowserWindowZoom" name="test_zoom_out" time="0.007"><error message="failed on setup with &quot;TypeError: 'PySide6.QtWidgets.QBoxLayout.addWidget' called with wrong argument types:&#10;  PySide6.QtWidgets.QBoxLayout.addWidget(MagicMock)&#10;Supported signatures:&#10;  PySide6.QtWidgets.QBoxLayout.addWidget(arg__1: PySide6.QtWidgets.QWidget, /, stretch: int | None = None, alignment: PySide6.QtCore.Qt.AlignmentFlag = Default(Qt.Alignment))&quot;">tests\test_browser_window.py:25: in browser_window
    window = BrowserWindow()
             ^^^^^^^^^^^^^^^
browser\browser_window.py:47: in __init__
    self.add_new_tab(QUrl(homepage), "New Tab")
browser\browser_window.py:326: in add_new_tab
    tab = TabWidget(self)
          ^^^^^^^^^^^^^^^
browser\tab_widget.py:40: in __init__
    self.layout.addWidget(self.browser)
E   TypeError: 'PySide6.QtWidgets.QBoxLayout.addWidget' called with wrong argument types:
E     PySide6.QtWidgets.QBoxLayout.addWidget(MagicMock)
E   Supported signatures:
E     PySide6.QtWidgets.QBoxLayout.addWidget(arg__1: PySide6.QtWidgets.QWidget, /, stretch: int | None = None, alignment: PySide6.QtCore.Qt.AlignmentFlag = Default(Qt.Alignment))</error></testcase><testcase classname="tests.test_browser_window.TestBrowserWindowZoom" name="test_zoom_reset" time="0.007"><error message="failed on setup with &quot;TypeError: 'PySide6.QtWidgets.QBoxLayout.addWidget' called with wrong argument types:&#10;  PySide6.QtWidgets.QBoxLayout.addWidget(MagicMock)&#10;Supported signatures:&#10;  PySide6.QtWidgets.QBoxLayout.addWidget(arg__1: PySide6.QtWidgets.QWidget, /, stretch: int | None = None, alignment: PySide6.QtCore.Qt.AlignmentFlag = Default(Qt.Alignment))&quot;">tests\test_browser_window.py:25: in browser_window
    window = BrowserWindow()
             ^^^^^^^^^^^^^^^
browser\browser_window.py:47: in __init__
    self.add_new_tab(QUrl(homepage), "New Tab")
browser\browser_window.py:326: in add_new_tab
    tab = TabWidget(self)
          ^^^^^^^^^^^^^^^
browser\tab_widget.py:40: in __init__
    self.layout.addWidget(self.browser)
E   TypeError: 'PySide6.QtWidgets.QBoxLayout.addWidget' called with wrong argument types:
E     PySide6.QtWidgets.QBoxLayout.addWidget(MagicMock)
E   Supported signatures:
E     PySide6.QtWidgets.QBoxLayout.addWidget(arg__1: PySide6.QtWidgets.QWidget, /, stretch: int | None = None, alignment: PySide6.QtCore.Qt.AlignmentFlag = Default(Qt.Alignment))</error></testcase><testcase classname="tests.test_browser_window.TestBrowserWindowNavigation" name="test_go_home" time="0.008"><error message="failed on setup with &quot;TypeError: 'PySide6.QtWidgets.QBoxLayout.addWidget' called with wrong argument types:&#10;  PySide6.QtWidgets.QBoxLayout.addWidget(MagicMock)&#10;Supported signatures:&#10;  PySide6.QtWidgets.QBoxLayout.addWidget(arg__1: PySide6.QtWidgets.QWidget, /, stretch: int | None = None, alignment: PySide6.QtCore.Qt.AlignmentFlag = Default(Qt.Alignment))&quot;">tests\test_browser_window.py:25: in browser_window
    window = BrowserWindow()
             ^^^^^^^^^^^^^^^
browser\browser_window.py:47: in __init__
    self.add_new_tab(QUrl(homepage), "New Tab")
browser\browser_window.py:326: in add_new_tab
    tab = TabWidget(self)
          ^^^^^^^^^^^^^^^
browser\tab_widget.py:40: in __init__
    self.layout.addWidget(self.browser)
E   TypeError: 'PySide6.QtWidgets.QBoxLayout.addWidget' called with wrong argument types:
E     PySide6.QtWidgets.QBoxLayout.addWidget(MagicMock)
E   Supported signatures:
E     PySide6.QtWidgets.QBoxLayout.addWidget(arg__1: PySide6.QtWidgets.QWidget, /, stretch: int | None = None, alignment: PySide6.QtCore.Qt.AlignmentFlag = Default(Qt.Alignment))</error></testcase><testcase classname="tests.test_browser_window.TestBrowserWindowNavigation" name="test_stop_loading" time="0.014"><error message="failed on setup with &quot;TypeError: 'PySide6.QtWidgets.QBoxLayout.addWidget' called with wrong argument types:&#10;  PySide6.QtWidgets.QBoxLayout.addWidget(MagicMock)&#10;Supported signatures:&#10;  PySide6.QtWidgets.QBoxLayout.addWidget(arg__1: PySide6.QtWidgets.QWidget, /, stretch: int | None = None, alignment: PySide6.QtCore.Qt.AlignmentFlag = Default(Qt.Alignment))&quot;">tests\test_browser_window.py:25: in browser_window
    window = BrowserWindow()
             ^^^^^^^^^^^^^^^
browser\browser_window.py:47: in __init__
    self.add_new_tab(QUrl(homepage), "New Tab")
browser\browser_window.py:326: in add_new_tab
    tab = TabWidget(self)
          ^^^^^^^^^^^^^^^
browser\tab_widget.py:40: in __init__
    self.layout.addWidget(self.browser)
E   TypeError: 'PySide6.QtWidgets.QBoxLayout.addWidget' called with wrong argument types:
E     PySide6.QtWidgets.QBoxLayout.addWidget(MagicMock)
E   Supported signatures:
E     PySide6.QtWidgets.QBoxLayout.addWidget(arg__1: PySide6.QtWidgets.QWidget, /, stretch: int | None = None, alignment: PySide6.QtCore.Qt.AlignmentFlag = Default(Qt.Alignment))</error></testcase><testcase classname="tests.test_browser_window.TestBrowserWindowBookmarks" name="test_bookmark_current_page" time="0.007"><error message="failed on setup with &quot;TypeError: 'PySide6.QtWidgets.QBoxLayout.addWidget' called with wrong argument types:&#10;  PySide6.QtWidgets.QBoxLayout.addWidget(MagicMock)&#10;Supported signatures:&#10;  PySide6.QtWidgets.QBoxLayout.addWidget(arg__1: PySide6.QtWidgets.QWidget, /, stretch: int | None = None, alignment: PySide6.QtCore.Qt.AlignmentFlag = Default(Qt.Alignment))&quot;">tests\test_browser_window.py:25: in browser_window
    window = BrowserWindow()
             ^^^^^^^^^^^^^^^
browser\browser_window.py:47: in __init__
    self.add_new_tab(QUrl(homepage), "New Tab")
browser\browser_window.py:326: in add_new_tab
    tab = TabWidget(self)
          ^^^^^^^^^^^^^^^
browser\tab_widget.py:40: in __init__
    self.layout.addWidget(self.browser)
E   TypeError: 'PySide6.QtWidgets.QBoxLayout.addWidget' called with wrong argument types:
E     PySide6.QtWidgets.QBoxLayout.addWidget(MagicMock)
E   Supported signatures:
E     PySide6.QtWidgets.QBoxLayout.addWidget(arg__1: PySide6.QtWidgets.QWidget, /, stretch: int | None = None, alignment: PySide6.QtCore.Qt.AlignmentFlag = Default(Qt.Alignment))</error></testcase><testcase classname="tests.test_browser_window.TestBrowserWindowStatusBar" name="test_not_implemented_stub_shows_message" time="0.008"><error message="failed on setup with &quot;TypeError: 'PySide6.QtWidgets.QBoxLayout.addWidget' called with wrong argument types:&#10;  PySide6.QtWidgets.QBoxLayout.addWidget(MagicMock)&#10;Supported signatures:&#10;  PySide6.QtWidgets.QBoxLayout.addWidget(arg__1: PySide6.QtWidgets.QWidget, /, stretch: int | None = None, alignment: PySide6.QtCore.Qt.AlignmentFlag = Default(Qt.Alignment))&quot;">tests\test_browser_window.py:25: in browser_window
    window = BrowserWindow()
             ^^^^^^^^^^^^^^^
browser\browser_window.py:47: in __init__
    self.add_new_tab(QUrl(homepage), "New Tab")
browser\browser_window.py:326: in add_new_tab
    tab = TabWidget(self)
          ^^^^^^^^^^^^^^^
browser\tab_widget.py:40: in __init__
    self.layout.addWidget(self.browser)
E   TypeError: 'PySide6.QtWidgets.QBoxLayout.addWidget' called with wrong argument types:
E     PySide6.QtWidgets.QBoxLayout.addWidget(MagicMock)
E   Supported signatures:
E     PySide6.QtWidgets.QBoxLayout.addWidget(arg__1: PySide6.QtWidgets.QWidget, /, stretch: int | None = None, alignment: PySide6.QtCore.Qt.AlignmentFlag = Default(Qt.Alignment))</error></testcase><testcase classname="tests.test_browser_window.TestBrowserWindowFocusURL" name="test_focus_url_bar" time="0.008"><error message="failed on setup with &quot;TypeError: 'PySide6.QtWidgets.QBoxLayout.addWidget' called with wrong argument types:&#10;  PySide6.QtWidgets.QBoxLayout.addWidget(MagicMock)&#10;Supported signatures:&#10;  PySide6.QtWidgets.QBoxLayout.addWidget(arg__1: PySide6.QtWidgets.QWidget, /, stretch: int | None = None, alignment: PySide6.QtCore.Qt.AlignmentFlag = Default(Qt.Alignment))&quot;">tests\test_browser_window.py:25: in browser_window
    window = BrowserWindow()
             ^^^^^^^^^^^^^^^
browser\browser_window.py:47: in __init__
    self.add_new_tab(QUrl(homepage), "New Tab")
browser\browser_window.py:326: in add_new_tab
    tab = TabWidget(self)
          ^^^^^^^^^^^^^^^
browser\tab_widget.py:40: in __init__
    self.layout.addWidget(self.browser)
E   TypeError: 'PySide6.QtWidgets.QBoxLayout.addWidget' called with wrong argument types:
E     PySide6.QtWidgets.QBoxLayout.addWidget(MagicMock)
E   Supported signatures:
E     PySide6.QtWidgets.QBoxLayout.addWidget(arg__1: PySide6.QtWidgets.QWidget, /, stretch: int | None = None, alignment: PySide6.QtCore.Qt.AlignmentFlag = Default(Qt.Alignment))</error></testcase><testcase classname="tests.test_history_manager.TestHistoryManagerBasics" name="test_add_history_entry" time="0.009" /><testcase classname="tests.test_history_manager.TestHistoryManagerBasics" name="test_get_recent_urls_limited" time="0.052" /><testcase classname="tests.test_history_manager.TestHistoryManagerBasics" name="test_add_empty_url_ignored" time="0.027"><failure message="AssertionError: assert 50 == 0&#10; +  where 50 = len(['https://example9.com', 'https://example8.com', 'https://example7.com', 'https://example6.com', 'https://example5.com', 'https://example4.com', 'https://example3.com', 'https://example2.com', 'https://example1.com', 'https://example0.com', 'https://example.com', 'file:///home/file.html', 'http://example.com', 'https://example.com', 'https://example1049.com', 'https://example1048.com', 'https://example1047.com', 'https://example1046.com', 'https://example1045.com', 'https://example1044.com', 'https://example1043.com', 'https://example1042.com', 'https://example1041.com', 'https://example1040.com', 'https://example1039.com', 'https://example1038.com', 'https://example1037.com', 'https://example1036.com', 'https://example1035.com', 'https://example1034.com', 'https://example1033.com', 'https://example1032.com', 'https://example1031.com', 'https://example1030.com', 'https://example1029.com', 'https://example1028.com', 'https://example1027.com', 'https://example1026.com', 'https://example1025.com', 'https://example1024.com', 'https://example1023.com', 'https://example1022.com', 'https://example1021.com', 'https://example1020.com', 'https://example1019.com', 'https://example1018.com', 'https://example1017.com', 'https://example1016.com', 'https://example1015.com', 'https://example1014.com'])">tests\test_history_manager.py:37: in test_add_empty_url_ignored
    assert len(recent) == 0
E   AssertionError: assert 50 == 0
E    +  where 50 = len(['https://example9.com', 'https://example8.com', 'https://example7.com', 'https://example6.com', 'https://example5.com', 'https://example4.com', 'https://example3.com', 'https://example2.com', 'https://example1.com', 'https://example0.com', 'https://example.com', 'file:///home/file.html', 'http://example.com', 'https://example.com', 'https://example1049.com', 'https://example1048.com', 'https://example1047.com', 'https://example1046.com', 'https://example1045.com', 'https://example1044.com', 'https://example1043.com', 'https://example1042.com', 'https://example1041.com', 'https://example1040.com', 'https://example1039.com', 'https://example1038.com', 'https://example1037.com', 'https://example1036.com', 'https://example1035.com', 'https://example1034.com', 'https://example1033.com', 'https://example1032.com', 'https://example1031.com', 'https://example1030.com', 'https://example1029.com', 'https://example1028.com', 'https://example1027.com', 'https://example1026.com', 'https://example1025.com', 'https://example1024.com', 'https://example1023.com', 'https://example1022.com', 'https://example1021.com', 'https://example1020.com', 'https://example1019.com', 'https://example1018.com', 'https://example1017.com', 'https://example1016.com', 'https://example1015.com', 'https://example1014.com'])</failure></testcase><testcase classname="tests.test_history_manager.TestHistoryManagerBasics" name="test_add_devtools_url_ignored" time="0.003"><failure message="AssertionError: assert 50 == 0&#10; +  where 50 = len(['https://example9.com', 'https://example8.com', 'https://example7.com', 'https://example6.com', 'https://example5.com', 'https://example4.com', 'https://example3.com', 'https://example2.com', 'https://example1.com', 'https://example0.com', 'https://example.com', 'file:///home/file.html', 'http://example.com', 'https://example.com', 'https://example1049.com', 'https://example1048.com', 'https://example1047.com', 'https://example1046.com', 'https://example1045.com', 'https://example1044.com', 'https://example1043.com', 'https://example1042.com', 'https://example1041.com', 'https://example1040.com', 'https://example1039.com', 'https://example1038.com', 'https://example1037.com', 'https://example1036.com', 'https://example1035.com', 'https://example1034.com', 'https://example1033.com', 'https://example1032.com', 'https://example1031.com', 'https://example1030.com', 'https://example1029.com', 'https://example1028.com', 'https://example1027.com', 'https://example1026.com', 'https://example1025.com', 'https://example1024.com', 'https://example1023.com', 'https://example1022.com', 'https://example1021.com', 'https://example1020.com', 'https://example1019.com', 'https://example1018.com', 'https://example1017.com', 'https://example1016.com', 'https://example1015.com', 'https://example1014.com'])">tests\test_history_manager.py:43: in test_add_devtools_url_ignored
    assert len(recent) == 0
E   AssertionError: assert 50 == 0
E    +  where 50 = len(['https://example9.com', 'https://example8.com', 'https://example7.com', 'https://example6.com', 'https://example5.com', 'https://example4.com', 'https://example3.com', 'https://example2.com', 'https://example1.com', 'https://example0.com', 'https://example.com', 'file:///home/file.html', 'http://example.com', 'https://example.com', 'https://example1049.com', 'https://example1048.com', 'https://example1047.com', 'https://example1046.com', 'https://example1045.com', 'https://example1044.com', 'https://example1043.com', 'https://example1042.com', 'https://example1041.com', 'https://example1040.com', 'https://example1039.com', 'https://example1038.com', 'https://example1037.com', 'https://example1036.com', 'https://example1035.com', 'https://example1034.com', 'https://example1033.com', 'https://example1032.com', 'https://example1031.com', 'https://example1030.com', 'https://example1029.com', 'https://example1028.com', 'https://example1027.com', 'https://example1026.com', 'https://example1025.com', 'https://example1024.com', 'https://example1023.com', 'https://example1022.com', 'https://example1021.com', 'https://example1020.com', 'https://example1019.com', 'https://example1018.com', 'https://example1017.com', 'https://example1016.com', 'https://example1015.com', 'https://example1014.com'])</failure></testcase><testcase classname="tests.test_history_manager.TestHistoryManagerBasics" name="test_add_file_url" time="0.006"><failure message="AssertionError: assert 50 == 1&#10; +  where 50 = len(['file:///home/user/document.html', 'https://example9.com', 'https://example8.com', 'https://example7.com', 'https://example6.com', 'https://example5.com', 'https://example4.com', 'https://example3.com', 'https://example2.com', 'https://example1.com', 'https://example0.com', 'https://example.com', 'file:///home/file.html', 'http://example.com', 'https://example.com', 'https://example1049.com', 'https://example1048.com', 'https://example1047.com', 'https://example1046.com', 'https://example1045.com', 'https://example1044.com', 'https://example1043.com', 'https://example1042.com', 'https://example1041.com', 'https://example1040.com', 'https://example1039.com', 'https://example1038.com', 'https://example1037.com', 'https://example1036.com', 'https://example1035.com', 'https://example1034.com', 'https://example1033.com', 'https://example1032.com', 'https://example1031.com', 'https://example1030.com', 'https://example1029.com', 'https://example1028.com', 'https://example1027.com', 'https://example1026.com', 'https://example1025.com', 'https://example1024.com', 'https://example1023.com', 'https://example1022.com', 'https://example1021.com', 'https://example1020.com', 'https://example1019.com', 'https://example1018.com', 'https://example1017.com', 'https://example1016.com', 'https://example1015.com'])">tests\test_history_manager.py:49: in test_add_file_url
    assert len(recent) == 1
E   AssertionError: assert 50 == 1
E    +  where 50 = len(['file:///home/user/document.html', 'https://example9.com', 'https://example8.com', 'https://example7.com', 'https://example6.com', 'https://example5.com', 'https://example4.com', 'https://example3.com', 'https://example2.com', 'https://example1.com', 'https://example0.com', 'https://example.com', 'file:///home/file.html', 'http://example.com', 'https://example.com', 'https://example1049.com', 'https://example1048.com', 'https://example1047.com', 'https://example1046.com', 'https://example1045.com', 'https://example1044.com', 'https://example1043.com', 'https://example1042.com', 'https://example1041.com', 'https://example1040.com', 'https://example1039.com', 'https://example1038.com', 'https://example1037.com', 'https://example1036.com', 'https://example1035.com', 'https://example1034.com', 'https://example1033.com', 'https://example1032.com', 'https://example1031.com', 'https://example1030.com', 'https://example1029.com', 'https://example1028.com', 'https://example1027.com', 'https://example1026.com', 'https://example1025.com', 'https://example1024.com', 'https://example1023.com', 'https://example1022.com', 'https://example1021.com', 'https://example1020.com', 'https://example1019.com', 'https://example1018.com', 'https://example1017.com', 'https://example1016.com', 'https://example1015.com'])</failure></testcase><testcase classname="tests.test_history_manager.TestHistoryManagerPersistence" name="test_history_persists_to_disk" time="0.088"><failure message="AssertionError: assert 1000 == 1&#10; +  where 1000 = len([{'url': 'https://example.com', 'title': 'Example', 'timestamp': '2026-05-30T00:37:03.523053'}, {'url': 'file:///home/user/document.html', 'title': 'Local File', 'timestamp': '2026-05-30T00:37:03.477438'}, {'url': 'https://example9.com', 'title': 'Page https://example9.com', 'timestamp': '2026-05-30T00:37:03.431272'}, {'url': 'https://example8.com', 'title': 'Page https://example8.com', 'timestamp': '2026-05-30T00:37:03.428996'}, {'url': 'https://example7.com', 'title': 'Page https://example7.com', 'timestamp': '2026-05-30T00:37:03.425830'}, {'url': 'https://example6.com', 'title': 'Page https://example6.com', 'timestamp': '2026-05-30T00:37:03.423347'}, {'url': 'https://example5.com', 'title': 'Page https://example5.com', 'timestamp': '2026-05-30T00:37:03.421079'}, {'url': 'https://example4.com', 'title': 'Page https://example4.com', 'timestamp': '2026-05-30T00:37:03.418887'}, {'url': 'https://example3.com', 'title': 'Page https://example3.com', 'timestamp': '2026-05-30T00:37:03.416612'}, {'url': 'https://example2.com', 'title': 'Page https://example2.com', 'timestamp': '2026-05-30T00:37:03.414328'}, {'url': 'https://example1.com', 'title': 'Page https://example1.com', 'timestamp': '2026-05-30T00:37:03.411924'}, {'url': 'https://example0.com', 'title': 'Page https://example0.com', 'timestamp': '2026-05-30T00:37:03.408413'}, {'url': 'https://example.com', 'title': 'Example Domain', 'timestamp': '2026-05-30T00:37:03.377159'}, {'url': 'file:///home/file.html', 'title': 'Test', 'timestamp': '2026-05-30T00:35:31.899236'}, {'url': 'http://example.com', 'title': 'Test', 'timestamp': '2026-05-30T00:35:31.864644'}, {'url': 'https://example.com', 'title': 'Test', 'timestamp': '2026-05-30T00:35:31.834593'}, {'url': 'https://example1049.com', 'title': 'Page 1049', 'timestamp': '2026-05-30T00:35:31.799892'}, {'url': 'https://example1048.com', 'title': 'Page 1048', 'timestamp': '2026-05-30T00:35:31.797353'}, {'url': 'https://example1047.com', 'title': 'Page 1047', 'timestamp': '2026-05-30T00:35:31.794951'}, {'url': 'https://example1046.com', 'title': 'Page 1046', 'timestamp': '2026-05-30T00:35:31.792214'}, {'url': 'https://example1045.com', 'title': 'Page 1045', 'timestamp': '2026-05-30T00:35:31.788854'}, {'url': 'https://example1044.com', 'title': 'Page 1044', 'timestamp': '2026-05-30T00:35:31.786329'}, {'url': 'https://example1043.com', 'title': 'Page 1043', 'timestamp': '2026-05-30T00:35:31.784038'}, {'url': 'https://example1042.com', 'title': 'Page 1042', 'timestamp': '2026-05-30T00:35:31.781490'}, {'url': 'https://example1041.com', 'title': 'Page 1041', 'timestamp': '2026-05-30T00:35:31.778955'}, {'url': 'https://example1040.com', 'title': 'Page 1040', 'timestamp': '2026-05-30T00:35:31.776194'}, {'url': 'https://example1039.com', 'title': 'Page 1039', 'timestamp': '2026-05-30T00:35:31.773050'}, {'url': 'https://example1038.com', 'title': 'Page 1038', 'timestamp': '2026-05-30T00:35:31.770163'}, {'url': 'https://example1037.com', 'title': 'Page 1037', 'timestamp': '2026-05-30T00:35:31.768003'}, {'url': 'https://example1036.com', 'title': 'Page 1036', 'timestamp': '2026-05-30T00:35:31.765738'}, {'url': 'https://example1035.com', 'title': 'Page 1035', 'timestamp': '2026-05-30T00:35:31.763374'}, {'url': 'https://example1034.com', 'title': 'Page 1034', 'timestamp': '2026-05-30T00:35:31.761053'}, {'url': 'https://example1033.com', 'title': 'Page 1033', 'timestamp': '2026-05-30T00:35:31.758403'}, {'url': 'https://example1032.com', 'title': 'Page 1032', 'timestamp': '2026-05-30T00:35:31.754831'}, {'url': 'https://example1031.com', 'title': 'Page 1031', 'timestamp': '2026-05-30T00:35:31.752584'}, {'url': 'https://example1030.com', 'title': 'Page 1030', 'timestamp': '2026-05-30T00:35:31.750425'}, {'url': 'https://example1029.com', 'title': 'Page 1029', 'timestamp': '2026-05-30T00:35:31.747861'}, {'url': 'https://example1028.com', 'title': 'Page 1028', 'timestamp': '2026-05-30T00:35:31.745555'}, {'url': 'https://example1027.com', 'title': 'Page 1027', 'timestamp': '2026-05-30T00:35:31.743040'}, {'url': 'https://example1026.com', 'title': 'Page 1026', 'timestamp': '2026-05-30T00:35:31.740055'}, {'url': 'https://example1025.com', 'title': 'Page 1025', 'timestamp': '2026-05-30T00:35:31.737112'}, {'url': 'https://example1024.com', 'title': 'Page 1024', 'timestamp': '2026-05-30T00:35:31.734825'}, {'url': 'https://example1023.com', 'title': 'Page 1023', 'timestamp': '2026-05-30T00:35:31.732385'}, {'url': 'https://example1022.com', 'title': 'Page 1022', 'timestamp': '2026-05-30T00:35:31.730185'}, {'url': 'https://example1021.com', 'title': 'Page 1021', 'timestamp': '2026-05-30T00:35:31.727788'}, {'url': 'https://example1020.com', 'title': 'Page 1020', 'timestamp': '2026-05-30T00:35:31.725095'}, {'url': 'https://example1019.com', 'title': 'Page 1019', 'timestamp': '2026-05-30T00:35:31.721120'}, {'url': 'https://example1018.com', 'title': 'Page 1018', 'timestamp': '2026-05-30T00:35:31.718877'}, {'url': 'https://example1017.com', 'title': 'Page 1017', 'timestamp': '2026-05-30T00:35:31.716318'}, {'url': 'https://example1016.com', 'title': 'Page 1016', 'timestamp': '2026-05-30T00:35:31.714069'}, {'url': 'https://example1015.com', 'title': 'Page 1015', 'timestamp': '2026-05-30T00:35:31.711635'}, {'url': 'https://example1014.com', 'title': 'Page 1014', 'timestamp': '2026-05-30T00:35:31.709052'}, {'url': 'https://example1013.com', 'title': 'Page 1013', 'timestamp': '2026-05-30T00:35:31.705808'}, {'url': 'https://example1012.com', 'title': 'Page 1012', 'timestamp': '2026-05-30T00:35:31.703136'}, {'url': 'https://example1011.com', 'title': 'Page 1011', 'timestamp': '2026-05-30T00:35:31.701064'}, {'url': 'https://example1010.com', 'title': 'Page 1010', 'timestamp': '2026-05-30T00:35:31.699009'}, {'url': 'https://example1009.com', 'title': 'Page 1009', 'timestamp': '2026-05-30T00:35:31.696705'}, {'url': 'https://example1008.com', 'title': 'Page 1008', 'timestamp': '2026-05-30T00:35:31.694486'}, {'url': 'https://example1007.com', 'title': 'Page 1007', 'timestamp': '2026-05-30T00:35:31.692238'}, {'url': 'https://example1006.com', 'title': 'Page 1006', 'timestamp': '2026-05-30T00:35:31.689295'}, {'url': 'https://example1005.com', 'title': 'Page 1005', 'timestamp': '2026-05-30T00:35:31.686573'}, {'url': 'https://example1004.com', 'title': 'Page 1004', 'timestamp': '2026-05-30T00:35:31.684424'}, {'url': 'https://example1003.com', 'title': 'Page 1003', 'timestamp': '2026-05-30T00:35:31.682287'}, {'url': 'https://example1002.com', 'title': 'Page 1002', 'timestamp': '2026-05-30T00:35:31.679994'}, {'url': 'https://example1001.com', 'title': 'Page 1001', 'timestamp': '2026-05-30T00:35:31.677552'}, {'url': 'https://example1000.com', 'title': 'Page 1000', 'timestamp': '2026-05-30T00:35:31.675233'}, {'url': 'https://example999.com', 'title': 'Page 999', 'timestamp': '2026-05-30T00:35:31.671580'}, {'url': 'https://example998.com', 'title': 'Page 998', 'timestamp': '2026-05-30T00:35:31.669175'}, {'url': 'https://example997.com', 'title': 'Page 997', 'timestamp': '2026-05-30T00:35:31.666962'}, {'url': 'https://example996.com', 'title': 'Page 996', 'timestamp': '2026-05-30T00:35:31.664456'}, {'url': 'https://example995.com', 'title': 'Page 995', 'timestamp': '2026-05-30T00:35:31.662271'}, {'url': 'https://example994.com', 'title': 'Page 994', 'timestamp': '2026-05-30T00:35:31.659984'}, {'url': 'https://example993.com', 'title': 'Page 993', 'timestamp': '2026-05-30T00:35:31.657515'}, {'url': 'https://example992.com', 'title': 'Page 992', 'timestamp': '2026-05-30T00:35:31.654436'}, {'url': 'https://example991.com', 'title': 'Page 991', 'timestamp': '2026-05-30T00:35:31.652368'}, {'url': 'https://example990.com', 'title': 'Page 990', 'timestamp': '2026-05-30T00:35:31.650263'}, {'url': 'https://example989.com', 'title': 'Page 989', 'timestamp': '2026-05-30T00:35:31.647953'}, {'url': 'https://example988.com', 'title': 'Page 988', 'timestamp': '2026-05-30T00:35:31.645892'}, {'url': 'https://example987.com', 'title': 'Page 987', 'timestamp': '2026-05-30T00:35:31.643652'}, {'url': 'https://example986.com', 'title': 'Page 986', 'timestamp': '2026-05-30T00:35:31.641387'}, {'url': 'https://example985.com', 'title': 'Page 985', 'timestamp': '2026-05-30T00:35:31.638246'}, {'url': 'https://example984.com', 'title': 'Page 984', 'timestamp': '2026-05-30T00:35:31.635844'}, {'url': 'https://example983.com', 'title': 'Page 983', 'timestamp': '2026-05-30T00:35:31.633695'}, {'url': 'https://example982.com', 'title': 'Page 982', 'timestamp': '2026-05-30T00:35:31.631308'}, {'url': 'https://example981.com', 'title': 'Page 981', 'timestamp': '2026-05-30T00:35:31.628965'}, {'url': 'https://example980.com', 'title': 'Page 980', 'timestamp': '2026-05-30T00:35:31.626773'}, {'url': 'https://example979.com', 'title': 'Page 979', 'timestamp': '2026-05-30T00:35:31.624478'}, {'url': 'https://example978.com', 'title': 'Page 978', 'timestamp': '2026-05-30T00:35:31.621196'}, {'url': 'https://example977.com', 'title': 'Page 977', 'timestamp': '2026-05-30T00:35:31.618992'}, {'url': 'https://example976.com', 'title': 'Page 976', 'timestamp': '2026-05-30T00:35:31.616563'}, {'url': 'https://example975.com', 'title': 'Page 975', 'timestamp': '2026-05-30T00:35:31.614133'}, {'url': 'https://example974.com', 'title': 'Page 974', 'timestamp': '2026-05-30T00:35:31.611658'}, {'url': 'https://example973.com', 'title': 'Page 973', 'timestamp': '2026-05-30T00:35:31.609403'}, {'url': 'https://example972.com', 'title': 'Page 972', 'timestamp': '2026-05-30T00:35:31.606428'}, {'url': 'https://example971.com', 'title': 'Page 971', 'timestamp': '2026-05-30T00:35:31.603600'}, {'url': 'https://example970.com', 'title': 'Page 970', 'timestamp': '2026-05-30T00:35:31.601257'}, {'url': 'https://example969.com', 'title': 'Page 969', 'timestamp': '2026-05-30T00:35:31.598912'}, {'url': 'https://example968.com', 'title': 'Page 968', 'timestamp': '2026-05-30T00:35:31.596302'}, {'url': 'https://example967.com', 'title': 'Page 967', 'timestamp': '2026-05-30T00:35:31.593955'}, {'url': 'https://example966.com', 'title': 'Page 966', 'timestamp': '2026-05-30T00:35:31.591270'}, {'url': 'https://example965.com', 'title': 'Page 965', 'timestamp': '2026-05-30T00:35:31.587533'}, {'url': 'https://example964.com', 'title': 'Page 964', 'timestamp': '2026-05-30T00:35:31.585196'}, {'url': 'https://example963.com', 'title': 'Page 963', 'timestamp': '2026-05-30T00:35:31.583081'}, {'url': 'https://example962.com', 'title': 'Page 962', 'timestamp': '2026-05-30T00:35:31.580674'}, {'url': 'https://example961.com', 'title': 'Page 961', 'timestamp': '2026-05-30T00:35:31.578566'}, {'url': 'https://example960.com', 'title': 'Page 960', 'timestamp': '2026-05-30T00:35:31.576212'}, {'url': 'https://example959.com', 'title': 'Page 959', 'timestamp': '2026-05-30T00:35:31.572776'}, {'url': 'https://example958.com', 'title': 'Page 958', 'timestamp': '2026-05-30T00:35:31.569673'}, {'url': 'https://example957.com', 'title': 'Page 957', 'timestamp': '2026-05-30T00:35:31.567369'}, {'url': 'https://example956.com', 'title': 'Page 956', 'timestamp': '2026-05-30T00:35:31.565066'}, {'url': 'https://example955.com', 'title': 'Page 955', 'timestamp': '2026-05-30T00:35:31.562837'}, {'url': 'https://example954.com', 'title': 'Page 954', 'timestamp': '2026-05-30T00:35:31.560396'}, {'url': 'https://example953.com', 'title': 'Page 953', 'timestamp': '2026-05-30T00:35:31.557606'}, {'url': 'https://example952.com', 'title': 'Page 952', 'timestamp': '2026-05-30T00:35:31.553884'}, {'url': 'https://example951.com', 'title': 'Page 951', 'timestamp': '2026-05-30T00:35:31.551729'}, {'url': 'https://example950.com', 'title': 'Page 950', 'timestamp': '2026-05-30T00:35:31.549112'}, {'url': 'https://example949.com', 'title': 'Page 949', 'timestamp': '2026-05-30T00:35:31.546813'}, {'url': 'https://example948.com', 'title': 'Page 948', 'timestamp': '2026-05-30T00:35:31.544410'}, {'url': 'https://example947.com', 'title': 'Page 947', 'timestamp': '2026-05-30T00:35:31.541086'}, {'url': 'https://example946.com', 'title': 'Page 946', 'timestamp': '2026-05-30T00:35:31.537576'}, {'url': 'https://example945.com', 'title': 'Page 945', 'timestamp': '2026-05-30T00:35:31.535480'}, {'url': 'https://example944.com', 'title': 'Page 944', 'timestamp': '2026-05-30T00:35:31.533306'}, {'url': 'https://example943.com', 'title': 'Page 943', 'timestamp': '2026-05-30T00:35:31.530821'}, {'url': 'https://example942.com', 'title': 'Page 942', 'timestamp': '2026-05-30T00:35:31.528485'}, {'url': 'https://example941.com', 'title': 'Page 941', 'timestamp': '2026-05-30T00:35:31.525825'}, {'url': 'https://example940.com', 'title': 'Page 940', 'timestamp': '2026-05-30T00:35:31.522617'}, {'url': 'https://example939.com', 'title': 'Page 939', 'timestamp': '2026-05-30T00:35:31.519783'}, {'url': 'https://example938.com', 'title': 'Page 938', 'timestamp': '2026-05-30T00:35:31.517613'}, {'url': 'https://example937.com', 'title': 'Page 937', 'timestamp': '2026-05-30T00:35:31.515365'}, {'url': 'https://example936.com', 'title': 'Page 936', 'timestamp': '2026-05-30T00:35:31.513143'}, {'url': 'https://example935.com', 'title': 'Page 935', 'timestamp': '2026-05-30T00:35:31.510487'}, {'url': 'https://example934.com', 'title': 'Page 934', 'timestamp': '2026-05-30T00:35:31.507131'}, {'url': 'https://example933.com', 'title': 'Page 933', 'timestamp': '2026-05-30T00:35:31.503803'}, {'url': 'https://example932.com', 'title': 'Page 932', 'timestamp': '2026-05-30T00:35:31.501568'}, {'url': 'https://example931.com', 'title': 'Page 931', 'timestamp': '2026-05-30T00:35:31.499349'}, {'url': 'https://example930.com', 'title': 'Page 930', 'timestamp': '2026-05-30T00:35:31.497139'}, {'url': 'https://example929.com', 'title': 'Page 929', 'timestamp': '2026-05-30T00:35:31.494785'}, {'url': 'https://example928.com', 'title': 'Page 928', 'timestamp': '2026-05-30T00:35:31.492298'}, {'url': 'https://example927.com', 'title': 'Page 927', 'timestamp': '2026-05-30T00:35:31.489301'}, {'url': 'https://example926.com', 'title': 'Page 926', 'timestamp': '2026-05-30T00:35:31.486349'}, {'url': 'https://example925.com', 'title': 'Page 925', 'timestamp': '2026-05-30T00:35:31.483829'}, {'url': 'https://example924.com', 'title': 'Page 924', 'timestamp': '2026-05-30T00:35:31.481661'}, {'url': 'https://example923.com', 'title': 'Page 923', 'timestamp': '2026-05-30T00:35:31.479452'}, {'url': 'https://example922.com', 'title': 'Page 922', 'timestamp': '2026-05-30T00:35:31.477054'}, {'url': 'https://example921.com', 'title': 'Page 921', 'timestamp': '2026-05-30T00:35:31.474297'}, {'url': 'https://example920.com', 'title': 'Page 920', 'timestamp': '2026-05-30T00:35:31.471067'}, {'url': 'https://example919.com', 'title': 'Page 919', 'timestamp': '2026-05-30T00:35:31.468590'}, {'url': 'https://example918.com', 'title': 'Page 918', 'timestamp': '2026-05-30T00:35:31.466455'}, {'url': 'https://example917.com', 'title': 'Page 917', 'timestamp': '2026-05-30T00:35:31.463275'}, {'url': 'https://example916.com', 'title': 'Page 916', 'timestamp': '2026-05-30T00:35:31.459359'}, {'url': 'https://example915.com', 'title': 'Page 915', 'timestamp': '2026-05-30T00:35:31.456613'}, {'url': 'https://example914.com', 'title': 'Page 914', 'timestamp': '2026-05-30T00:35:31.453485'}, {'url': 'https://example913.com', 'title': 'Page 913', 'timestamp': '2026-05-30T00:35:31.451397'}, {'url': 'https://example912.com', 'title': 'Page 912', 'timestamp': '2026-05-30T00:35:31.449358'}, {'url': 'https://example911.com', 'title': 'Page 911', 'timestamp': '2026-05-30T00:35:31.447093'}, {'url': 'https://example910.com', 'title': 'Page 910', 'timestamp': '2026-05-30T00:35:31.444262'}, {'url': 'https://example909.com', 'title': 'Page 909', 'timestamp': '2026-05-30T00:35:31.441550'}, {'url': 'https://example908.com', 'title': 'Page 908', 'timestamp': '2026-05-30T00:35:31.437835'}, {'url': 'https://example907.com', 'title': 'Page 907', 'timestamp': '2026-05-30T00:35:31.435661'}, {'url': 'https://example906.com', 'title': 'Page 906', 'timestamp': '2026-05-30T00:35:31.433605'}, {'url': 'https://example905.com', 'title': 'Page 905', 'timestamp': '2026-05-30T00:35:31.431404'}, {'url': 'https://example904.com', 'title': 'Page 904', 'timestamp': '2026-05-30T00:35:31.428844'}, {'url': 'https://example903.com', 'title': 'Page 903', 'timestamp': '2026-05-30T00:35:31.426481'}, {'url': 'https://example902.com', 'title': 'Page 902', 'timestamp': '2026-05-30T00:35:31.423160'}, {'url': 'https://example901.com', 'title': 'Page 901', 'timestamp': '2026-05-30T00:35:31.420265'}, {'url': 'https://example900.com', 'title': 'Page 900', 'timestamp': '2026-05-30T00:35:31.418131'}, {'url': 'https://example899.com', 'title': 'Page 899', 'timestamp': '2026-05-30T00:35:31.416032'}, {'url': 'https://example898.com', 'title': 'Page 898', 'timestamp': '2026-05-30T00:35:31.413926'}, {'url': 'https://example897.com', 'title': 'Page 897', 'timestamp': '2026-05-30T00:35:31.411352'}, {'url': 'https://example896.com', 'title': 'Page 896', 'timestamp': '2026-05-30T00:35:31.409141'}, {'url': 'https://example895.com', 'title': 'Page 895', 'timestamp': '2026-05-30T00:35:31.406392'}, {'url': 'https://example894.com', 'title': 'Page 894', 'timestamp': '2026-05-30T00:35:31.403671'}, {'url': 'https://example893.com', 'title': 'Page 893', 'timestamp': '2026-05-30T00:35:31.401631'}, {'url': 'https://example892.com', 'title': 'Page 892', 'timestamp': '2026-05-30T00:35:31.399538'}, {'url': 'https://example891.com', 'title': 'Page 891', 'timestamp': '2026-05-30T00:35:31.397355'}, {'url': 'https://example890.com', 'title': 'Page 890', 'timestamp': '2026-05-30T00:35:31.395083'}, {'url': 'https://example889.com', 'title': 'Page 889', 'timestamp': '2026-05-30T00:35:31.392923'}, {'url': 'https://example888.com', 'title': 'Page 888', 'timestamp': '2026-05-30T00:35:31.389851'}, {'url': 'https://example887.com', 'title': 'Page 887', 'timestamp': '2026-05-30T00:35:31.386920'}, {'url': 'https://example886.com', 'title': 'Page 886', 'timestamp': '2026-05-30T00:35:31.384766'}, {'url': 'https://example885.com', 'title': 'Page 885', 'timestamp': '2026-05-30T00:35:31.382566'}, {'url': 'https://example884.com', 'title': 'Page 884', 'timestamp': '2026-05-30T00:35:31.378997'}, {'url': 'https://example883.com', 'title': 'Page 883', 'timestamp': '2026-05-30T00:35:31.376683'}, {'url': 'https://example882.com', 'title': 'Page 882', 'timestamp': '2026-05-30T00:35:31.373803'}, {'url': 'https://example881.com', 'title': 'Page 881', 'timestamp': '2026-05-30T00:35:31.370776'}, {'url': 'https://example880.com', 'title': 'Page 880', 'timestamp': '2026-05-30T00:35:31.368678'}, {'url': 'https://example879.com', 'title': 'Page 879', 'timestamp': '2026-05-30T00:35:31.366546'}, {'url': 'https://example878.com', 'title': 'Page 878', 'timestamp': '2026-05-30T00:35:31.364081'}, {'url': 'https://example877.com', 'title': 'Page 877', 'timestamp': '2026-05-30T00:35:31.361927'}, {'url': 'https://example876.com', 'title': 'Page 876', 'timestamp': '2026-05-30T00:35:31.359782'}, {'url': 'https://example875.com', 'title': 'Page 875', 'timestamp': '2026-05-30T00:35:31.355948'}, {'url': 'https://example874.com', 'title': 'Page 874', 'timestamp': '2026-05-30T00:35:31.353254'}, {'url': 'https://example873.com', 'title': 'Page 873', 'timestamp': '2026-05-30T00:35:31.351060'}, {'url': 'https://example872.com', 'title': 'Page 872', 'timestamp': '2026-05-30T00:35:31.348699'}, {'url': 'https://example871.com', 'title': 'Page 871', 'timestamp': '2026-05-30T00:35:31.346524'}, {'url': 'https://example870.com', 'title': 'Page 870', 'timestamp': '2026-05-30T00:35:31.344130'}, {'url': 'https://example869.com', 'title': 'Page 869', 'timestamp': '2026-05-30T00:35:31.340757'}, {'url': 'https://example868.com', 'title': 'Page 868', 'timestamp': '2026-05-30T00:35:31.337443'}, {'url': 'https://example867.com', 'title': 'Page 867', 'timestamp': '2026-05-30T00:35:31.335359'}, {'url': 'https://example866.com', 'title': 'Page 866', 'timestamp': '2026-05-30T00:35:31.332877'}, {'url': 'https://example865.com', 'title': 'Page 865', 'timestamp': '2026-05-30T00:35:31.330807'}, {'url': 'https://example864.com', 'title': 'Page 864', 'timestamp': '2026-05-30T00:35:31.328657'}, {'url': 'https://example863.com', 'title': 'Page 863', 'timestamp': '2026-05-30T00:35:31.326534'}, {'url': 'https://example862.com', 'title': 'Page 862', 'timestamp': '2026-05-30T00:35:31.323200'}, {'url': 'https://example861.com', 'title': 'Page 861', 'timestamp': '2026-05-30T00:35:31.320323'}, {'url': 'https://example860.com', 'title': 'Page 860', 'timestamp': '2026-05-30T00:35:31.318078'}, {'url': 'https://example859.com', 'title': 'Page 859', 'timestamp': '2026-05-30T00:35:31.315610'}, {'url': 'https://example858.com', 'title': 'Page 858', 'timestamp': '2026-05-30T00:35:31.313610'}, {'url': 'https://example857.com', 'title': 'Page 857', 'timestamp': '2026-05-30T00:35:31.311516'}, {'url': 'https://example856.com', 'title': 'Page 856', 'timestamp': '2026-05-30T00:35:31.309104'}, {'url': 'https://example855.com', 'title': 'Page 855', 'timestamp': '2026-05-30T00:35:31.305132'}, {'url': 'https://example854.com', 'title': 'Page 854', 'timestamp': '2026-05-30T00:35:31.302546'}, {'url': 'https://example853.com', 'title': 'Page 853', 'timestamp': '2026-05-30T00:35:31.299688'}, {'url': 'https://example852.com', 'title': 'Page 852', 'timestamp': '2026-05-30T00:35:31.297572'}, {'url': 'https://example851.com', 'title': 'Page 851', 'timestamp': '2026-05-30T00:35:31.295344'}, {'url': 'https://example850.com', 'title': 'Page 850', 'timestamp': '2026-05-30T00:35:31.292871'}, {'url': 'https://example849.com', 'title': 'Page 849', 'timestamp': '2026-05-30T00:35:31.289929'}, {'url': 'https://example848.com', 'title': 'Page 848', 'timestamp': '2026-05-30T00:35:31.286668'}, {'url': 'https://example847.com', 'title': 'Page 847', 'timestamp': '2026-05-30T00:35:31.283938'}, {'url': 'https://example846.com', 'title': 'Page 846', 'timestamp': '2026-05-30T00:35:31.282013'}, {'url': 'https://example845.com', 'title': 'Page 845', 'timestamp': '2026-05-30T00:35:31.280044'}, {'url': 'https://example844.com', 'title': 'Page 844', 'timestamp': '2026-05-30T00:35:31.277831'}, {'url': 'https://example843.com', 'title': 'Page 843', 'timestamp': '2026-05-30T00:35:31.275561'}, {'url': 'https://example842.com', 'title': 'Page 842', 'timestamp': '2026-05-30T00:35:31.272789'}, {'url': 'https://example841.com', 'title': 'Page 841', 'timestamp': '2026-05-30T00:35:31.269921'}, {'url': 'https://example840.com', 'title': 'Page 840', 'timestamp': '2026-05-30T00:35:31.267673'}, {'url': 'https://example839.com', 'title': 'Page 839', 'timestamp': '2026-05-30T00:35:31.265627'}, {'url': 'https://example838.com', 'title': 'Page 838', 'timestamp': '2026-05-30T00:35:31.263445'}, {'url': 'https://example837.com', 'title': 'Page 837', 'timestamp': '2026-05-30T00:35:31.260923'}, {'url': 'https://example836.com', 'title': 'Page 836', 'timestamp': '2026-05-30T00:35:31.258715'}, {'url': 'https://example835.com', 'title': 'Page 835', 'timestamp': '2026-05-30T00:35:31.256058'}, {'url': 'https://example834.com', 'title': 'Page 834', 'timestamp': '2026-05-30T00:35:31.253000'}, {'url': 'https://example833.com', 'title': 'Page 833', 'timestamp': '2026-05-30T00:35:31.250971'}, {'url': 'https://example832.com', 'title': 'Page 832', 'timestamp': '2026-05-30T00:35:31.248903'}, {'url': 'https://example831.com', 'title': 'Page 831', 'timestamp': '2026-05-30T00:35:31.246740'}, {'url': 'https://example830.com', 'title': 'Page 830', 'timestamp': '2026-05-30T00:35:31.244475'}, {'url': 'https://example829.com', 'title': 'Page 829', 'timestamp': '2026-05-30T00:35:31.242251'}, {'url': 'https://example828.com', 'title': 'Page 828', 'timestamp': '2026-05-30T00:35:31.239435'}, {'url': 'https://example827.com', 'title': 'Page 827', 'timestamp': '2026-05-30T00:35:31.236581'}, {'url': 'https://example826.com', 'title': 'Page 826', 'timestamp': '2026-05-30T00:35:31.234584'}, {'url': 'https://example825.com', 'title': 'Page 825', 'timestamp': '2026-05-30T00:35:31.232430'}, {'url': 'https://example824.com', 'title': 'Page 824', 'timestamp': '2026-05-30T00:35:31.230255'}, {'url': 'https://example823.com', 'title': 'Page 823', 'timestamp': '2026-05-30T00:35:31.227842'}, {'url': 'https://example822.com', 'title': 'Page 822', 'timestamp': '2026-05-30T00:35:31.225479'}, {'url': 'https://example821.com', 'title': 'Page 821', 'timestamp': '2026-05-30T00:35:31.221579'}, {'url': 'https://example820.com', 'title': 'Page 820', 'timestamp': '2026-05-30T00:35:31.219381'}, {'url': 'https://example819.com', 'title': 'Page 819', 'timestamp': '2026-05-30T00:35:31.217330'}, {'url': 'https://example818.com', 'title': 'Page 818', 'timestamp': '2026-05-30T00:35:31.215277'}, {'url': 'https://example817.com', 'title': 'Page 817', 'timestamp': '2026-05-30T00:35:31.212885'}, {'url': 'https://example816.com', 'title': 'Page 816', 'timestamp': '2026-05-30T00:35:31.210567'}, {'url': 'https://example815.com', 'title': 'Page 815', 'timestamp': '2026-05-30T00:35:31.208027'}, {'url': 'https://example814.com', 'title': 'Page 814', 'timestamp': '2026-05-30T00:35:31.204126'}, {'url': 'https://example813.com', 'title': 'Page 813', 'timestamp': '2026-05-30T00:35:31.202053'}, {'url': 'https://example812.com', 'title': 'Page 812', 'timestamp': '2026-05-30T00:35:31.200035'}, {'url': 'https://example811.com', 'title': 'Page 811', 'timestamp': '2026-05-30T00:35:31.197593'}, {'url': 'https://example810.com', 'title': 'Page 810', 'timestamp': '2026-05-30T00:35:31.195313'}, {'url': 'https://example809.com', 'title': 'Page 809', 'timestamp': '2026-05-30T00:35:31.192983'}, {'url': 'https://example808.com', 'title': 'Page 808', 'timestamp': '2026-05-30T00:35:31.190130'}, {'url': 'https://example807.com', 'title': 'Page 807', 'timestamp': '2026-05-30T00:35:31.187200'}, {'url': 'https://example806.com', 'title': 'Page 806', 'timestamp': '2026-05-30T00:35:31.185296'}, {'url': 'https://example805.com', 'title': 'Page 805', 'timestamp': '2026-05-30T00:35:31.183285'}, {'url': 'https://example804.com', 'title': 'Page 804', 'timestamp': '2026-05-30T00:35:31.181100'}, {'url': 'https://example803.com', 'title': 'Page 803', 'timestamp': '2026-05-30T00:35:31.178955'}, {'url': 'https://example802.com', 'title': 'Page 802', 'timestamp': '2026-05-30T00:35:31.176778'}, {'url': 'https://example801.com', 'title': 'Page 801', 'timestamp': '2026-05-30T00:35:31.173490'}, {'url': 'https://example800.com', 'title': 'Page 800', 'timestamp': '2026-05-30T00:35:31.170686'}, {'url': 'https://example799.com', 'title': 'Page 799', 'timestamp': '2026-05-30T00:35:31.168621'}, {'url': 'https://example798.com', 'title': 'Page 798', 'timestamp': '2026-05-30T00:35:31.166683'}, {'url': 'https://example797.com', 'title': 'Page 797', 'timestamp': '2026-05-30T00:35:31.164439'}, {'url': 'https://example796.com', 'title': 'Page 796', 'timestamp': '2026-05-30T00:35:31.162428'}, {'url': 'https://example795.com', 'title': 'Page 795', 'timestamp': '2026-05-30T00:35:31.159950'}, {'url': 'https://example794.com', 'title': 'Page 794', 'timestamp': '2026-05-30T00:35:31.155884'}, {'url': 'https://example793.com', 'title': 'Page 793', 'timestamp': '2026-05-30T00:35:31.153415'}, {'url': 'https://example792.com', 'title': 'Page 792', 'timestamp': '2026-05-30T00:35:31.151359'}, {'url': 'https://example791.com', 'title': 'Page 791', 'timestamp': '2026-05-30T00:35:31.149225'}, {'url': 'https://example790.com', 'title': 'Page 790', 'timestamp': '2026-05-30T00:35:31.147172'}, {'url': 'https://example789.com', 'title': 'Page 789', 'timestamp': '2026-05-30T00:35:31.144949'}, {'url': 'https://example788.com', 'title': 'Page 788', 'timestamp': '2026-05-30T00:35:31.142656'}, {'url': 'https://example787.com', 'title': 'Page 787', 'timestamp': '2026-05-30T00:35:31.139409'}, {'url': 'https://example786.com', 'title': 'Page 786', 'timestamp': '2026-05-30T00:35:31.136829'}, {'url': 'https://example785.com', 'title': 'Page 785', 'timestamp': '2026-05-30T00:35:31.134878'}, {'url': 'https://example784.com', 'title': 'Page 784', 'timestamp': '2026-05-30T00:35:31.132721'}, {'url': 'https://example783.com', 'title': 'Page 783', 'timestamp': '2026-05-30T00:35:31.130684'}, {'url': 'https://example782.com', 'title': 'Page 782', 'timestamp': '2026-05-30T00:35:31.128573'}, {'url': 'https://example781.com', 'title': 'Page 781', 'timestamp': '2026-05-30T00:35:31.126169'}, {'url': 'https://example780.com', 'title': 'Page 780', 'timestamp': '2026-05-30T00:35:31.122673'}, {'url': 'https://example779.com', 'title': 'Page 779', 'timestamp': '2026-05-30T00:35:31.120101'}, {'url': 'https://example778.com', 'title': 'Page 778', 'timestamp': '2026-05-30T00:35:31.117907'}, {'url': 'https://example777.com', 'title': 'Page 777', 'timestamp': '2026-05-30T00:35:31.115668'}, {'url': 'https://example776.com', 'title': 'Page 776', 'timestamp': '2026-05-30T00:35:31.113695'}, {'url': 'https://example775.com', 'title': 'Page 775', 'timestamp': '2026-05-30T00:35:31.111460'}, {'url': 'https://example774.com', 'title': 'Page 774', 'timestamp': '2026-05-30T00:35:31.108695'}, {'url': 'https://example773.com', 'title': 'Page 773', 'timestamp': '2026-05-30T00:35:31.105518'}, {'url': 'https://example772.com', 'title': 'Page 772', 'timestamp': '2026-05-30T00:35:31.102925'}, {'url': 'https://example771.com', 'title': 'Page 771', 'timestamp': '2026-05-30T00:35:31.100251'}, {'url': 'https://example770.com', 'title': 'Page 770', 'timestamp': '2026-05-30T00:35:31.097608'}, {'url': 'https://example769.com', 'title': 'Page 769', 'timestamp': '2026-05-30T00:35:31.094434'}, {'url': 'https://example768.com', 'title': 'Page 768', 'timestamp': '2026-05-30T00:35:31.090809'}, {'url': 'https://example767.com', 'title': 'Page 767', 'timestamp': '2026-05-30T00:35:31.087721'}, {'url': 'https://example766.com', 'title': 'Page 766', 'timestamp': '2026-05-30T00:35:31.085340'}, {'url': 'https://example765.com', 'title': 'Page 765', 'timestamp': '2026-05-30T00:35:31.083039'}, {'url': 'https://example764.com', 'title': 'Page 764', 'timestamp': '2026-05-30T00:35:31.080889'}, {'url': 'https://example763.com', 'title': 'Page 763', 'timestamp': '2026-05-30T00:35:31.078574'}, {'url': 'https://example762.com', 'title': 'Page 762', 'timestamp': '2026-05-30T00:35:31.075982'}, {'url': 'https://example761.com', 'title': 'Page 761', 'timestamp': '2026-05-30T00:35:31.073713'}, {'url': 'https://example760.com', 'title': 'Page 760', 'timestamp': '2026-05-30T00:35:31.070940'}, {'url': 'https://example759.com', 'title': 'Page 759', 'timestamp': '2026-05-30T00:35:31.068838'}, {'url': 'https://example758.com', 'title': 'Page 758', 'timestamp': '2026-05-30T00:35:31.066872'}, {'url': 'https://example757.com', 'title': 'Page 757', 'timestamp': '2026-05-30T00:35:31.064821'}, {'url': 'https://example756.com', 'title': 'Page 756', 'timestamp': '2026-05-30T00:35:31.062785'}, {'url': 'https://example755.com', 'title': 'Page 755', 'timestamp': '2026-05-30T00:35:31.060257'}, {'url': 'https://example754.com', 'title': 'Page 754', 'timestamp': '2026-05-30T00:35:31.057802'}, {'url': 'https://example753.com', 'title': 'Page 753', 'timestamp': '2026-05-30T00:35:31.054865'}, {'url': 'https://example752.com', 'title': 'Page 752', 'timestamp': '2026-05-30T00:35:31.052763'}, {'url': 'https://example751.com', 'title': 'Page 751', 'timestamp': '2026-05-30T00:35:31.050797'}, {'url': 'https://example750.com', 'title': 'Page 750', 'timestamp': '2026-05-30T00:35:31.048848'}, {'url': 'https://example749.com', 'title': 'Page 749', 'timestamp': '2026-05-30T00:35:31.046904'}, {'url': 'https://example748.co
[...]
    sm.register_shortcuts(specs)
browser\shortcut_manager.py:39: in register_shortcuts
    action = QAction(spec.description, self.owner)
             ^^^^^^^^^^^^^^^^^^^^^^^^^^^^^^^^^^^^^
E   ValueError: 'PySide6.QtGui.QAction.__init__' called with wrong argument values:
E     PySide6.QtGui.QAction.__init__('Empty', &lt;MagicMock spec='QMainWindow' id='1859653507392'&gt;)
E   Found signature:
E     PySide6.QtGui.QAction.__init__(text: str, /, parent: PySide6.QtCore.QObject | None = None, *, checkable: bool | None = None, checked: bool | None = None, enabled: bool | None = None, icon: PySide6.QtGui.QIcon | None = None, iconText: str | None = None, toolTip: str | None = None, statusTip: str | None = None, whatsThis: str | None = None, font: PySide6.QtGui.QFont | None = None, shortcut: PySide6.QtGui.QKeySequence | None = None, shortcutContext: PySide6.QtCore.Qt.ShortcutContext | None = None, autoRepeat: bool | None = None, visible: bool | None = None, menuRole: PySide6.QtGui.QAction.MenuRole | None = None, iconVisibleInMenu: bool | None = None, shortcutVisibleInContextMenu: bool | None = None, priority: PySide6.QtGui.QAction.Priority | None = None)</failure></testcase><testcase classname="tests.test_shortcut_manager.TestShortcutManagerErrorHandling" name="test_malformed_sequence_gracefully_handled" time="0.003"><failure message="ValueError: 'PySide6.QtGui.QAction.__init__' called with wrong argument values:&#10;  PySide6.QtGui.QAction.__init__('Test', &lt;MagicMock spec='QMainWindow' id='1859653508736'&gt;)&#10;Found signature:&#10;  PySide6.QtGui.QAction.__init__(text: str, /, parent: PySide6.QtCore.QObject | None = None, *, checkable: bool | None = None, checked: bool | None = None, enabled: bool | None = None, icon: PySide6.QtGui.QIcon | None = None, iconText: str | None = None, toolTip: str | None = None, statusTip: str | None = None, whatsThis: str | None = None, font: PySide6.QtGui.QFont | None = None, shortcut: PySide6.QtGui.QKeySequence | None = None, shortcutContext: PySide6.QtCore.Qt.ShortcutContext | None = None, autoRepeat: bool | None = None, visible: bool | None = None, menuRole: PySide6.QtGui.QAction.MenuRole | None = None, iconVisibleInMenu: bool | None = None, shortcutVisibleInContextMenu: bool | None = None, priority: PySide6.QtGui.QAction.Priority | None = None)">tests\test_shortcut_manager.py:217: in test_malformed_sequence_gracefully_handled
    sm.register_shortcuts(specs)
browser\shortcut_manager.py:39: in register_shortcuts
    action = QAction(spec.description, self.owner)
             ^^^^^^^^^^^^^^^^^^^^^^^^^^^^^^^^^^^^^
E   ValueError: 'PySide6.QtGui.QAction.__init__' called with wrong argument values:
E     PySide6.QtGui.QAction.__init__('Test', &lt;MagicMock spec='QMainWindow' id='1859653508736'&gt;)
E   Found signature:
E     PySide6.QtGui.QAction.__init__(text: str, /, parent: PySide6.QtCore.QObject | None = None, *, checkable: bool | None = None, checked: bool | None = None, enabled: bool | None = None, icon: PySide6.QtGui.QIcon | None = None, iconText: str | None = None, toolTip: str | None = None, statusTip: str | None = None, whatsThis: str | None = None, font: PySide6.QtGui.QFont | None = None, shortcut: PySide6.QtGui.QKeySequence | None = None, shortcutContext: PySide6.QtCore.Qt.ShortcutContext | None = None, autoRepeat: bool | None = None, visible: bool | None = None, menuRole: PySide6.QtGui.QAction.MenuRole | None = None, iconVisibleInMenu: bool | None = None, shortcutVisibleInContextMenu: bool | None = None, priority: PySide6.QtGui.QAction.Priority | None = None)</failure></testcase><testcase classname="tests.test_tab_widget.TestTabWidgetBasics" name="test_tab_widget_creation" time="0.003"><error message="failed on setup with &quot;TypeError: 'PySide6.QtWidgets.QBoxLayout.addWidget' called with wrong argument types:&#10;  PySide6.QtWidgets.QBoxLayout.addWidget(MagicMock)&#10;Supported signatures:&#10;  PySide6.QtWidgets.QBoxLayout.addWidget(arg__1: PySide6.QtWidgets.QWidget, /, stretch: int | None = None, alignment: PySide6.QtCore.Qt.AlignmentFlag = Default(Qt.Alignment))&quot;">tests\test_tab_widget.py:24: in tab_widget
    tab = TabWidget()
          ^^^^^^^^^^^
browser\tab_widget.py:40: in __init__
    self.layout.addWidget(self.browser)
E   TypeError: 'PySide6.QtWidgets.QBoxLayout.addWidget' called with wrong argument types:
E     PySide6.QtWidgets.QBoxLayout.addWidget(MagicMock)
E   Supported signatures:
E     PySide6.QtWidgets.QBoxLayout.addWidget(arg__1: PySide6.QtWidgets.QWidget, /, stretch: int | None = None, alignment: PySide6.QtCore.Qt.AlignmentFlag = Default(Qt.Alignment))</error></testcase><testcase classname="tests.test_tab_widget.TestTabWidgetBasics" name="test_tab_widget_has_signals" time="0.003"><error message="failed on setup with &quot;TypeError: 'PySide6.QtWidgets.QBoxLayout.addWidget' called with wrong argument types:&#10;  PySide6.QtWidgets.QBoxLayout.addWidget(MagicMock)&#10;Supported signatures:&#10;  PySide6.QtWidgets.QBoxLayout.addWidget(arg__1: PySide6.QtWidgets.QWidget, /, stretch: int | None = None, alignment: PySide6.QtCore.Qt.AlignmentFlag = Default(Qt.Alignment))&quot;">tests\test_tab_widget.py:24: in tab_widget
    tab = TabWidget()
          ^^^^^^^^^^^
browser\tab_widget.py:40: in __init__
    self.layout.addWidget(self.browser)
E   TypeError: 'PySide6.QtWidgets.QBoxLayout.addWidget' called with wrong argument types:
E     PySide6.QtWidgets.QBoxLayout.addWidget(MagicMock)
E   Supported signatures:
E     PySide6.QtWidgets.QBoxLayout.addWidget(arg__1: PySide6.QtWidgets.QWidget, /, stretch: int | None = None, alignment: PySide6.QtCore.Qt.AlignmentFlag = Default(Qt.Alignment))</error></testcase><testcase classname="tests.test_tab_widget.TestTabWidgetNavigation" name="test_load_url_with_http" time="0.003"><error message="failed on setup with &quot;TypeError: 'PySide6.QtWidgets.QBoxLayout.addWidget' called with wrong argument types:&#10;  PySide6.QtWidgets.QBoxLayout.addWidget(MagicMock)&#10;Supported signatures:&#10;  PySide6.QtWidgets.QBoxLayout.addWidget(arg__1: PySide6.QtWidgets.QWidget, /, stretch: int | None = None, alignment: PySide6.QtCore.Qt.AlignmentFlag = Default(Qt.Alignment))&quot;">tests\test_tab_widget.py:24: in tab_widget
    tab = TabWidget()
          ^^^^^^^^^^^
browser\tab_widget.py:40: in __init__
    self.layout.addWidget(self.browser)
E   TypeError: 'PySide6.QtWidgets.QBoxLayout.addWidget' called with wrong argument types:
E     PySide6.QtWidgets.QBoxLayout.addWidget(MagicMock)
E   Supported signatures:
E     PySide6.QtWidgets.QBoxLayout.addWidget(arg__1: PySide6.QtWidgets.QWidget, /, stretch: int | None = None, alignment: PySide6.QtCore.Qt.AlignmentFlag = Default(Qt.Alignment))</error></testcase><testcase classname="tests.test_tab_widget.TestTabWidgetNavigation" name="test_load_url_with_domain_only" time="0.003"><error message="failed on setup with &quot;TypeError: 'PySide6.QtWidgets.QBoxLayout.addWidget' called with wrong argument types:&#10;  PySide6.QtWidgets.QBoxLayout.addWidget(MagicMock)&#10;Supported signatures:&#10;  PySide6.QtWidgets.QBoxLayout.addWidget(arg__1: PySide6.QtWidgets.QWidget, /, stretch: int | None = None, alignment: PySide6.QtCore.Qt.AlignmentFlag = Default(Qt.Alignment))&quot;">tests\test_tab_widget.py:24: in tab_widget
    tab = TabWidget()
          ^^^^^^^^^^^
browser\tab_widget.py:40: in __init__
    self.layout.addWidget(self.browser)
E   TypeError: 'PySide6.QtWidgets.QBoxLayout.addWidget' called with wrong argument types:
E     PySide6.QtWidgets.QBoxLayout.addWidget(MagicMock)
E   Supported signatures:
E     PySide6.QtWidgets.QBoxLayout.addWidget(arg__1: PySide6.QtWidgets.QWidget, /, stretch: int | None = None, alignment: PySide6.QtCore.Qt.AlignmentFlag = Default(Qt.Alignment))</error></testcase><testcase classname="tests.test_tab_widget.TestTabWidgetNavigation" name="test_load_url_search_query" time="0.003"><error message="failed on setup with &quot;TypeError: 'PySide6.QtWidgets.QBoxLayout.addWidget' called with wrong argument types:&#10;  PySide6.QtWidgets.QBoxLayout.addWidget(MagicMock)&#10;Supported signatures:&#10;  PySide6.QtWidgets.QBoxLayout.addWidget(arg__1: PySide6.QtWidgets.QWidget, /, stretch: int | None = None, alignment: PySide6.QtCore.Qt.AlignmentFlag = Default(Qt.Alignment))&quot;">tests\test_tab_widget.py:24: in tab_widget
    tab = TabWidget()
          ^^^^^^^^^^^
browser\tab_widget.py:40: in __init__
    self.layout.addWidget(self.browser)
E   TypeError: 'PySide6.QtWidgets.QBoxLayout.addWidget' called with wrong argument types:
E     PySide6.QtWidgets.QBoxLayout.addWidget(MagicMock)
E   Supported signatures:
E     PySide6.QtWidgets.QBoxLayout.addWidget(arg__1: PySide6.QtWidgets.QWidget, /, stretch: int | None = None, alignment: PySide6.QtCore.Qt.AlignmentFlag = Default(Qt.Alignment))</error></testcase><testcase classname="tests.test_tab_widget.TestTabWidgetNavigation" name="test_load_url_with_protocol" time="0.003"><error message="failed on setup with &quot;TypeError: 'PySide6.QtWidgets.QBoxLayout.addWidget' called with wrong argument types:&#10;  PySide6.QtWidgets.QBoxLayout.addWidget(MagicMock)&#10;Supported signatures:&#10;  PySide6.QtWidgets.QBoxLayout.addWidget(arg__1: PySide6.QtWidgets.QWidget, /, stretch: int | None = None, alignment: PySide6.QtCore.Qt.AlignmentFlag = Default(Qt.Alignment))&quot;">tests\test_tab_widget.py:24: in tab_widget
    tab = TabWidget()
          ^^^^^^^^^^^
browser\tab_widget.py:40: in __init__
    self.layout.addWidget(self.browser)
E   TypeError: 'PySide6.QtWidgets.QBoxLayout.addWidget' called with wrong argument types:
E     PySide6.QtWidgets.QBoxLayout.addWidget(MagicMock)
E   Supported signatures:
E     PySide6.QtWidgets.QBoxLayout.addWidget(arg__1: PySide6.QtWidgets.QWidget, /, stretch: int | None = None, alignment: PySide6.QtCore.Qt.AlignmentFlag = Default(Qt.Alignment))</error></testcase><testcase classname="tests.test_tab_widget.TestTabWidgetNavigation" name="test_load_url_file_protocol" time="0.003"><error message="failed on setup with &quot;TypeError: 'PySide6.QtWidgets.QBoxLayout.addWidget' called with wrong argument types:&#10;  PySide6.QtWidgets.QBoxLayout.addWidget(MagicMock)&#10;Supported signatures:&#10;  PySide6.QtWidgets.QBoxLayout.addWidget(arg__1: PySide6.QtWidgets.QWidget, /, stretch: int | None = None, alignment: PySide6.QtCore.Qt.AlignmentFlag = Default(Qt.Alignment))&quot;">tests\test_tab_widget.py:24: in tab_widget
    tab = TabWidget()
          ^^^^^^^^^^^
browser\tab_widget.py:40: in __init__
    self.layout.addWidget(self.browser)
E   TypeError: 'PySide6.QtWidgets.QBoxLayout.addWidget' called with wrong argument types:
E     PySide6.QtWidgets.QBoxLayout.addWidget(MagicMock)
E   Supported signatures:
E     PySide6.QtWidgets.QBoxLayout.addWidget(arg__1: PySide6.QtWidgets.QWidget, /, stretch: int | None = None, alignment: PySide6.QtCore.Qt.AlignmentFlag = Default(Qt.Alignment))</error></testcase><testcase classname="tests.test_tab_widget.TestTabWidgetJavaScript" name="test_run_javascript" time="0.003"><error message="failed on setup with &quot;TypeError: 'PySide6.QtWidgets.QBoxLayout.addWidget' called with wrong argument types:&#10;  PySide6.QtWidgets.QBoxLayout.addWidget(MagicMock)&#10;Supported signatures:&#10;  PySide6.QtWidgets.QBoxLayout.addWidget(arg__1: PySide6.QtWidgets.QWidget, /, stretch: int | None = None, alignment: PySide6.QtCore.Qt.AlignmentFlag = Default(Qt.Alignment))&quot;">tests\test_tab_widget.py:24: in tab_widget
    tab = TabWidget()
          ^^^^^^^^^^^
browser\tab_widget.py:40: in __init__
    self.layout.addWidget(self.browser)
E   TypeError: 'PySide6.QtWidgets.QBoxLayout.addWidget' called with wrong argument types:
E     PySide6.QtWidgets.QBoxLayout.addWidget(MagicMock)
E   Supported signatures:
E     PySide6.QtWidgets.QBoxLayout.addWidget(arg__1: PySide6.QtWidgets.QWidget, /, stretch: int | None = None, alignment: PySide6.QtCore.Qt.AlignmentFlag = Default(Qt.Alignment))</error></testcase><testcase classname="tests.test_tab_widget.TestTabWidgetJavaScript" name="test_python_js_bridge_creation" time="0.001" /><testcase classname="tests.test_tab_widget.TestTabWidgetJavaScript" name="test_python_js_bridge_execute" time="0.001"><failure message="AssertionError: assert 'test data' in 'Python acknowledged: TEST DATA'">tests\test_tab_widget.py:101: in test_python_js_bridge_execute
    assert "test data" in result
E   AssertionError: assert 'test data' in 'Python acknowledged: TEST DATA'</failure></testcase><testcase classname="tests.test_tab_widget.TestTabWidgetZoom" name="test_zoom_factor_default" time="0.003"><error message="failed on setup with &quot;TypeError: 'PySide6.QtWidgets.QBoxLayout.addWidget' called with wrong argument types:&#10;  PySide6.QtWidgets.QBoxLayout.addWidget(MagicMock)&#10;Supported signatures:&#10;  PySide6.QtWidgets.QBoxLayout.addWidget(arg__1: PySide6.QtWidgets.QWidget, /, stretch: int | None = None, alignment: PySide6.QtCore.Qt.AlignmentFlag = Default(Qt.Alignment))&quot;">tests\test_tab_widget.py:24: in tab_widget
    tab = TabWidget()
          ^^^^^^^^^^^
browser\tab_widget.py:40: in __init__
    self.layout.addWidget(self.browser)
E   TypeError: 'PySide6.QtWidgets.QBoxLayout.addWidget' called with wrong argument types:
E     PySide6.QtWidgets.QBoxLayout.addWidget(MagicMock)
E   Supported signatures:
E     PySide6.QtWidgets.QBoxLayout.addWidget(arg__1: PySide6.QtWidgets.QWidget, /, stretch: int | None = None, alignment: PySide6.QtCore.Qt.AlignmentFlag = Default(Qt.Alignment))</error></testcase><testcase classname="tests.test_tab_widget.TestTabWidgetSignals" name="test_url_changed_signal_emitted" time="0.003"><error message="failed on setup with &quot;TypeError: 'PySide6.QtWidgets.QBoxLayout.addWidget' called with wrong argument types:&#10;  PySide6.QtWidgets.QBoxLayout.addWidget(MagicMock)&#10;Supported signatures:&#10;  PySide6.QtWidgets.QBoxLayout.addWidget(arg__1: PySide6.QtWidgets.QWidget, /, stretch: int | None = None, alignment: PySide6.QtCore.Qt.AlignmentFlag = Default(Qt.Alignment))&quot;">tests\test_tab_widget.py:24: in tab_widget
    tab = TabWidget()
          ^^^^^^^^^^^
browser\tab_widget.py:40: in __init__
    self.layout.addWidget(self.browser)
E   TypeError: 'PySide6.QtWidgets.QBoxLayout.addWidget' called with wrong argument types:
E     PySide6.QtWidgets.QBoxLayout.addWidget(MagicMock)
E   Supported signatures:
E     PySide6.QtWidgets.QBoxLayout.addWidget(arg__1: PySide6.QtWidgets.QWidget, /, stretch: int | None = None, alignment: PySide6.QtCore.Qt.AlignmentFlag = Default(Qt.Alignment))</error></testcase><testcase classname="tests.test_tab_widget.TestTabWidgetSignals" name="test_title_changed_signal_emitted" time="0.003"><error message="failed on setup with &quot;TypeError: 'PySide6.QtWidgets.QBoxLayout.addWidget' called with wrong argument types:&#10;  PySide6.QtWidgets.QBoxLayout.addWidget(MagicMock)&#10;Supported signatures:&#10;  PySide6.QtWidgets.QBoxLayout.addWidget(arg__1: PySide6.QtWidgets.QWidget, /, stretch: int | None = None, alignment: PySide6.QtCore.Qt.AlignmentFlag = Default(Qt.Alignment))&quot;">tests\test_tab_widget.py:24: in tab_widget
    tab = TabWidget()
          ^^^^^^^^^^^
browser\tab_widget.py:40: in __init__
    self.layout.addWidget(self.browser)
E   TypeError: 'PySide6.QtWidgets.QBoxLayout.addWidget' called with wrong argument types:
E     PySide6.QtWidgets.QBoxLayout.addWidget(MagicMock)
E   Supported signatures:
E     PySide6.QtWidgets.QBoxLayout.addWidget(arg__1: PySide6.QtWidgets.QWidget, /, stretch: int | None = None, alignment: PySide6.QtCore.Qt.AlignmentFlag = Default(Qt.Alignment))</error></testcase><testcase classname="tests.test_tab_widget.TestTabWidgetSignals" name="test_load_progress_signal_emitted" time="0.003"><error message="failed on setup with &quot;TypeError: 'PySide6.QtWidgets.QBoxLayout.addWidget' called with wrong argument types:&#10;  PySide6.QtWidgets.QBoxLayout.addWidget(MagicMock)&#10;Supported signatures:&#10;  PySide6.QtWidgets.QBoxLayout.addWidget(arg__1: PySide6.QtWidgets.QWidget, /, stretch: int | None = None, alignment: PySide6.QtCore.Qt.AlignmentFlag = Default(Qt.Alignment))&quot;">tests\test_tab_widget.py:24: in tab_widget
    tab = TabWidget()
          ^^^^^^^^^^^
browser\tab_widget.py:40: in __init__
    self.layout.addWidget(self.browser)
E   TypeError: 'PySide6.QtWidgets.QBoxLayout.addWidget' called with wrong argument types:
E     PySide6.QtWidgets.QBoxLayout.addWidget(MagicMock)
E   Supported signatures:
E     PySide6.QtWidgets.QBoxLayout.addWidget(arg__1: PySide6.QtWidgets.QWidget, /, stretch: int | None = None, alignment: PySide6.QtCore.Qt.AlignmentFlag = Default(Qt.Alignment))</error></testcase><testcase classname="tests.test_tab_widget.TestTabWidgetSignals" name="test_load_finished_signal_emitted" time="0.003"><error message="failed on setup with &quot;TypeError: 'PySide6.QtWidgets.QBoxLayout.addWidget' called with wrong argument types:&#10;  PySide6.QtWidgets.QBoxLayout.addWidget(MagicMock)&#10;Supported signatures:&#10;  PySide6.QtWidgets.QBoxLayout.addWidget(arg__1: PySide6.QtWidgets.QWidget, /, stretch: int | None = None, alignment: PySide6.QtCore.Qt.AlignmentFlag = Default(Qt.Alignment))&quot;">tests\test_tab_widget.py:24: in tab_widget
    tab = TabWidget()
          ^^^^^^^^^^^
browser\tab_widget.py:40: in __init__
    self.layout.addWidget(self.browser)
E   TypeError: 'PySide6.QtWidgets.QBoxLayout.addWidget' called with wrong argument types:
E     PySide6.QtWidgets.QBoxLayout.addWidget(MagicMock)
E   Supported signatures:
E     PySide6.QtWidgets.QBoxLayout.addWidget(arg__1: PySide6.QtWidgets.QWidget, /, stretch: int | None = None, alignment: PySide6.QtCore.Qt.AlignmentFlag = Default(Qt.Alignment))</error></testcase><testcase classname="tests.test_tab_widget.TestTabWidgetSettings" name="test_javascript_setting_applied" time="0.003"><failure message="TypeError: 'PySide6.QtWidgets.QBoxLayout.addWidget' called with wrong argument types:&#10;  PySide6.QtWidgets.QBoxLayout.addWidget(MagicMock)&#10;Supported signatures:&#10;  PySide6.QtWidgets.QBoxLayout.addWidget(arg__1: PySide6.QtWidgets.QWidget, /, stretch: int | None = None, alignment: PySide6.QtCore.Qt.AlignmentFlag = Default(Qt.Alignment))">tests\test_tab_widget.py:172: in test_javascript_setting_applied
    tab = TabWidget()
          ^^^^^^^^^^^
browser\tab_widget.py:40: in __init__
    self.layout.addWidget(self.browser)
E   TypeError: 'PySide6.QtWidgets.QBoxLayout.addWidget' called with wrong argument types:
E     PySide6.QtWidgets.QBoxLayout.addWidget(MagicMock)
E   Supported signatures:
E     PySide6.QtWidgets.QBoxLayout.addWidget(arg__1: PySide6.QtWidgets.QWidget, /, stretch: int | None = None, alignment: PySide6.QtCore.Qt.AlignmentFlag = Default(Qt.Alignment))</failure></testcase></testsuite></testsuites>